{"D:\\jig clg\\Projects\\vikas-inventory-rn\\Backend\\src\\app.controller.ts": {"path":"D:\\jig clg\\Projects\\vikas-inventory-rn\\Backend\\src\\app.controller.ts","statementMap":{"0":{"start":{"line":1,"column":0},"end":{"line":1,"column":49}},"1":{"start":{"line":2,"column":0},"end":{"line":2,"column":43}},"2":{"start":{"line":5,"column":7},"end":{"line":12,"column":null}},"3":{"start":{"line":6,"column":31},"end":{"line":6,"column":43}},"4":{"start":{"line":10,"column":4},"end":{"line":10,"column":38}},"5":{"start":{"line":5,"column":13},"end":{"line":5,"column":26}},"6":{"start":{"line":9,"column":2},"end":{"line":11,"column":null}},"7":{"start":{"line":5,"column":13},"end":{"line":12,"column":null}}},"fnMap":{"0":{"name":"(anonymous_2)","decl":{"start":{"line":6,"column":2},"end":{"line":6,"column":31}},"loc":{"start":{"line":6,"column":53},"end":{"line":6,"column":57}}},"1":{"name":"(anonymous_3)","decl":{"start":{"line":9,"column":2},"end":{"line":9,"column":10}},"loc":{"start":{"line":9,"column":10},"end":{"line":11,"column":3}}}},"branchMap":{"0":{"loc":{"start":{"line":6,"column":43},"end":{"line":6,"column":56}},"type":"cond-expr","locations":[{"start":{"line":6,"column":53},"end":{"line":6,"column":56}},{"start":{"line":6,"column":53},"end":{"line":6,"column":56}}]},"1":{"loc":{"start":{"line":6,"column":43},"end":{"line":6,"column":53}},"type":"binary-expr","locations":[{"start":{"line":6,"column":43},"end":{"line":6,"column":56}},{"start":{"line":6,"column":43},"end":{"line":6,"column":53}}]}},"s":{"0":0,"1":0,"2":0,"3":0,"4":0,"5":0,"6":0,"7":0},"f":{"0":0,"1":0},"b":{"0":[0,0],"1":[0,0]}}
,"D:\\jig clg\\Projects\\vikas-inventory-rn\\Backend\\src\\app.module.ts": {"path":"D:\\jig clg\\Projects\\vikas-inventory-rn\\Backend\\src\\app.module.ts","statementMap":{"0":{"start":{"line":1,"column":0},"end":{"line":1,"column":40}},"1":{"start":{"line":2,"column":0},"end":{"line":2,"column":47}},"2":{"start":{"line":3,"column":0},"end":{"line":3,"column":61}},"3":{"start":{"line":4,"column":0},"end":{"line":4,"column":48}},"4":{"start":{"line":5,"column":0},"end":{"line":5,"column":50}},"5":{"start":{"line":6,"column":0},"end":{"line":6,"column":49}},"6":{"start":{"line":7,"column":0},"end":{"line":7,"column":43}},"7":{"start":{"line":8,"column":0},"end":{"line":8,"column":48}},"8":{"start":{"line":9,"column":0},"end":{"line":9,"column":48}},"9":{"start":{"line":10,"column":0},"end":{"line":10,"column":80}},"10":{"start":{"line":11,"column":0},"end":{"line":11,"column":60}},"11":{"start":{"line":12,"column":0},"end":{"line":12,"column":72}},"12":{"start":{"line":13,"column":0},"end":{"line":13,"column":69}},"13":{"start":{"line":14,"column":0},"end":{"line":14,"column":60}},"14":{"start":{"line":15,"column":0},"end":{"line":15,"column":57}},"15":{"start":{"line":16,"column":0},"end":{"line":16,"column":80}},"16":{"start":{"line":17,"column":0},"end":{"line":17,"column":63}},"17":{"start":{"line":18,"column":0},"end":{"line":18,"column":48}},"18":{"start":{"line":19,"column":0},"end":{"line":19,"column":65}},"19":{"start":{"line":20,"column":0},"end":{"line":20,"column":106}},"20":{"start":{"line":21,"column":0},"end":{"line":21,"column":65}},"21":{"start":{"line":22,"column":0},"end":{"line":22,"column":51}},"22":{"start":{"line":23,"column":0},"end":{"line":23,"column":77}},"23":{"start":{"line":24,"column":0},"end":{"line":24,"column":57}},"24":{"start":{"line":25,"column":0},"end":{"line":25,"column":63}},"25":{"start":{"line":26,"column":0},"end":{"line":26,"column":69}},"26":{"start":{"line":27,"column":0},"end":{"line":27,"column":60}},"27":{"start":{"line":28,"column":0},"end":{"line":28,"column":68}},"28":{"start":{"line":29,"column":0},"end":{"line":29,"column":71}},"29":{"start":{"line":30,"column":0},"end":{"line":30,"column":72}},"30":{"start":{"line":31,"column":0},"end":{"line":31,"column":77}},"31":{"start":{"line":32,"column":0},"end":{"line":32,"column":98}},"32":{"start":{"line":33,"column":0},"end":{"line":33,"column":63}},"33":{"start":{"line":34,"column":0},"end":{"line":34,"column":77}},"34":{"start":{"line":35,"column":0},"end":{"line":35,"column":62}},"35":{"start":{"line":36,"column":0},"end":{"line":36,"column":79}},"36":{"start":{"line":37,"column":0},"end":{"line":37,"column":54}},"37":{"start":{"line":38,"column":0},"end":{"line":38,"column":62}},"38":{"start":{"line":39,"column":0},"end":{"line":39,"column":51}},"39":{"start":{"line":70,"column":7},"end":{"line":70,"column":null}},"40":{"start":{"line":70,"column":13},"end":{"line":70,"column":22}},"41":{"start":{"line":70,"column":13},"end":{"line":70,"column":null}},"42":{"start":{"line":53,"column":53},"end":{"line":63,"column":8}}},"fnMap":{"0":{"name":"(anonymous_1)","decl":{"start":{"line":53,"column":18},"end":{"line":53,"column":19}},"loc":{"start":{"line":53,"column":53},"end":{"line":63,"column":8}}}},"branchMap":{},"s":{"0":0,"1":0,"2":0,"3":0,"4":0,"5":0,"6":0,"7":0,"8":0,"9":0,"10":0,"11":0,"12":0,"13":0,"14":0,"15":0,"16":0,"17":0,"18":0,"19":0,"20":0,"21":0,"22":0,"23":0,"24":0,"25":0,"26":0,"27":0,"28":0,"29":0,"30":0,"31":0,"32":0,"33":0,"34":0,"35":0,"36":0,"37":0,"38":0,"39":0,"40":0,"41":0,"42":0},"f":{"0":0},"b":{}}
,"D:\\jig clg\\Projects\\vikas-inventory-rn\\Backend\\src\\app.service.ts": {"path":"D:\\jig clg\\Projects\\vikas-inventory-rn\\Backend\\src\\app.service.ts","statementMap":{"0":{"start":{"line":1,"column":0},"end":{"line":1,"column":44}},"1":{"start":{"line":4,"column":7},"end":{"line":8,"column":null}},"2":{"start":{"line":6,"column":4},"end":{"line":6,"column":26}},"3":{"start":{"line":4,"column":13},"end":{"line":4,"column":23}},"4":{"start":{"line":4,"column":13},"end":{"line":8,"column":null}}},"fnMap":{"0":{"name":"(anonymous_1)","decl":{"start":{"line":5,"column":2},"end":{"line":5,"column":10}},"loc":{"start":{"line":5,"column":10},"end":{"line":7,"column":3}}}},"branchMap":{},"s":{"0":0,"1":0,"2":0,"3":0,"4":0},"f":{"0":0},"b":{}}
,"D:\\jig clg\\Projects\\vikas-inventory-rn\\Backend\\src\\main.ts": {"path":"D:\\jig clg\\Projects\\vikas-inventory-rn\\Backend\\src\\main.ts","statementMap":{"0":{"start":{"line":1,"column":0},"end":{"line":1,"column":43}},"1":{"start":{"line":2,"column":0},"end":{"line":2,"column":41}},"2":{"start":{"line":3,"column":0},"end":{"line":3,"column":48}},"3":{"start":{"line":4,"column":0},"end":{"line":4,"column":85}},"4":{"start":{"line":7,"column":14},"end":{"line":7,"column":49}},"5":{"start":{"line":8,"column":2},"end":{"line":11,"column":6}},"6":{"start":{"line":12,"column":2},"end":{"line":12,"column":54}},"7":{"start":{"line":13,"column":2},"end":{"line":13,"column":19}},"8":{"start":{"line":14,"column":2},"end":{"line":14,"column":45}},"9":{"start":{"line":16,"column":0},"end":{"line":16,"column":12}}},"fnMap":{"0":{"name":"bootstrap","decl":{"start":{"line":6,"column":15},"end":{"line":6,"column":24}},"loc":{"start":{"line":6,"column":24},"end":{"line":15,"column":1}}}},"branchMap":{"0":{"loc":{"start":{"line":14,"column":19},"end":{"line":14,"column":43}},"type":"binary-expr","locations":[{"start":{"line":14,"column":19},"end":{"line":14,"column":35}},{"start":{"line":14,"column":39},"end":{"line":14,"column":43}}]}},"s":{"0":0,"1":0,"2":0,"3":0,"4":0,"5":0,"6":0,"7":0,"8":0,"9":0},"f":{"0":0},"b":{"0":[0,0]}}
,"D:\\jig clg\\Projects\\vikas-inventory-rn\\Backend\\src\\admin-panel-api\\admin-panel-api.module.ts": {"path":"D:\\jig clg\\Projects\\vikas-inventory-rn\\Backend\\src\\admin-panel-api\\admin-panel-api.module.ts","statementMap":{"0":{"start":{"line":1,"column":0},"end":{"line":1,"column":40}},"1":{"start":{"line":4,"column":7},"end":{"line":4,"column":null}},"2":{"start":{"line":4,"column":13},"end":{"line":4,"column":32}},"3":{"start":{"line":4,"column":13},"end":{"line":4,"column":null}}},"fnMap":{},"branchMap":{},"s":{"0":0,"1":0,"2":0,"3":0},"f":{},"b":{}}
,"D:\\jig clg\\Projects\\vikas-inventory-rn\\Backend\\src\\analytics\\analytics-snapshot.entity.ts": {"path":"D:\\jig clg\\Projects\\vikas-inventory-rn\\Backend\\src\\analytics\\analytics-snapshot.entity.ts","statementMap":{"0":{"start":{"line":1,"column":0},"end":{"line":1,"column":83}},"1":{"start":{"line":4,"column":7},"end":{"line":28,"column":null}},"2":{"start":{"line":4,"column":13},"end":{"line":4,"column":30}},"3":{"start":{"line":6,"column":2},"end":{"line":6,"column":null}},"4":{"start":{"line":9,"column":2},"end":{"line":9,"column":null}},"5":{"start":{"line":12,"column":2},"end":{"line":12,"column":null}},"6":{"start":{"line":15,"column":2},"end":{"line":15,"column":null}},"7":{"start":{"line":18,"column":2},"end":{"line":18,"column":null}},"8":{"start":{"line":21,"column":2},"end":{"line":21,"column":null}},"9":{"start":{"line":24,"column":2},"end":{"line":24,"column":null}},"10":{"start":{"line":27,"column":2},"end":{"line":27,"column":null}},"11":{"start":{"line":4,"column":13},"end":{"line":28,"column":null}}},"fnMap":{},"branchMap":{"0":{"loc":{"start":{"line":27,"column":14},"end":{"line":27,"column":19}},"type":"cond-expr","locations":[{"start":{"line":27,"column":18},"end":{"line":27,"column":19}},{"start":{"line":27,"column":18},"end":{"line":27,"column":19}}]},"1":{"loc":{"start":{"line":27,"column":14},"end":{"line":27,"column":18}},"type":"binary-expr","locations":[{"start":{"line":27,"column":14},"end":{"line":27,"column":19}},{"start":{"line":27,"column":14},"end":{"line":27,"column":18}}]}},"s":{"0":0,"1":0,"2":0,"3":0,"4":0,"5":0,"6":0,"7":0,"8":0,"9":0,"10":0,"11":0},"f":{},"b":{"0":[0,0],"1":[0,0]}}
,"D:\\jig clg\\Projects\\vikas-inventory-rn\\Backend\\src\\analytics\\analytics.module.ts": {"path":"D:\\jig clg\\Projects\\vikas-inventory-rn\\Backend\\src\\analytics\\analytics.module.ts","statementMap":{"0":{"start":{"line":1,"column":0},"end":{"line":1,"column":40}},"1":{"start":{"line":4,"column":7},"end":{"line":4,"column":null}},"2":{"start":{"line":4,"column":13},"end":{"line":4,"column":28}},"3":{"start":{"line":4,"column":13},"end":{"line":4,"column":null}}},"fnMap":{},"branchMap":{},"s":{"0":0,"1":0,"2":0,"3":0},"f":{},"b":{}}
,"D:\\jig clg\\Projects\\vikas-inventory-rn\\Backend\\src\\approval\\approval-log.entity.ts": {"path":"D:\\jig clg\\Projects\\vikas-inventory-rn\\Backend\\src\\approval\\approval-log.entity.ts","statementMap":{"0":{"start":{"line":1,"column":0},"end":{"line":1,"column":83}},"1":{"start":{"line":4,"column":7},"end":{"line":28,"column":null}},"2":{"start":{"line":4,"column":13},"end":{"line":4,"column":24}},"3":{"start":{"line":6,"column":2},"end":{"line":6,"column":null}},"4":{"start":{"line":9,"column":2},"end":{"line":9,"column":null}},"5":{"start":{"line":12,"column":2},"end":{"line":12,"column":null}},"6":{"start":{"line":15,"column":2},"end":{"line":15,"column":null}},"7":{"start":{"line":18,"column":2},"end":{"line":18,"column":null}},"8":{"start":{"line":21,"column":2},"end":{"line":21,"column":null}},"9":{"start":{"line":24,"column":2},"end":{"line":24,"column":null}},"10":{"start":{"line":27,"column":2},"end":{"line":27,"column":null}},"11":{"start":{"line":4,"column":13},"end":{"line":28,"column":null}}},"fnMap":{},"branchMap":{"0":{"loc":{"start":{"line":27,"column":14},"end":{"line":27,"column":19}},"type":"cond-expr","locations":[{"start":{"line":27,"column":18},"end":{"line":27,"column":19}},{"start":{"line":27,"column":18},"end":{"line":27,"column":19}}]},"1":{"loc":{"start":{"line":27,"column":14},"end":{"line":27,"column":18}},"type":"binary-expr","locations":[{"start":{"line":27,"column":14},"end":{"line":27,"column":19}},{"start":{"line":27,"column":14},"end":{"line":27,"column":18}}]}},"s":{"0":0,"1":0,"2":0,"3":0,"4":0,"5":0,"6":0,"7":0,"8":0,"9":0,"10":0,"11":0},"f":{},"b":{"0":[0,0],"1":[0,0]}}
,"D:\\jig clg\\Projects\\vikas-inventory-rn\\Backend\\src\\approval\\approval-request.entity.ts": {"path":"D:\\jig clg\\Projects\\vikas-inventory-rn\\Backend\\src\\approval\\approval-request.entity.ts","statementMap":{"0":{"start":{"line":1,"column":0},"end":{"line":1,"column":101}},"1":{"start":{"line":4,"column":7},"end":{"line":46,"column":null}},"2":{"start":{"line":4,"column":13},"end":{"line":4,"column":28}},"3":{"start":{"line":6,"column":2},"end":{"line":6,"column":null}},"4":{"start":{"line":9,"column":2},"end":{"line":9,"column":null}},"5":{"start":{"line":12,"column":2},"end":{"line":12,"column":null}},"6":{"start":{"line":15,"column":2},"end":{"line":15,"column":null}},"7":{"start":{"line":18,"column":2},"end":{"line":18,"column":null}},"8":{"start":{"line":21,"column":2},"end":{"line":21,"column":null}},"9":{"start":{"line":24,"column":2},"end":{"line":24,"column":null}},"10":{"start":{"line":27,"column":2},"end":{"line":27,"column":null}},"11":{"start":{"line":26,"column":46},"end":{"line":26,"column":65}},"12":{"start":{"line":30,"column":2},"end":{"line":30,"column":null}},"13":{"start":{"line":33,"column":2},"end":{"line":33,"column":null}},"14":{"start":{"line":36,"column":2},"end":{"line":36,"column":null}},"15":{"start":{"line":39,"column":2},"end":{"line":39,"column":null}},"16":{"start":{"line":42,"column":2},"end":{"line":42,"column":null}},"17":{"start":{"line":45,"column":2},"end":{"line":45,"column":null}},"18":{"start":{"line":4,"column":13},"end":{"line":46,"column":null}}},"fnMap":{"0":{"name":"(anonymous_2)","decl":{"start":{"line":26,"column":40},"end":{"line":26,"column":43}},"loc":{"start":{"line":26,"column":46},"end":{"line":26,"column":65}}}},"branchMap":{"0":{"loc":{"start":{"line":27,"column":16},"end":{"line":27,"column":21}},"type":"cond-expr","locations":[{"start":{"line":27,"column":20},"end":{"line":27,"column":21}},{"start":{"line":27,"column":20},"end":{"line":27,"column":21}}]},"1":{"loc":{"start":{"line":27,"column":16},"end":{"line":27,"column":20}},"type":"binary-expr","locations":[{"start":{"line":27,"column":16},"end":{"line":27,"column":21}},{"start":{"line":27,"column":16},"end":{"line":27,"column":20}}]},"2":{"loc":{"start":{"line":33,"column":15},"end":{"line":33,"column":20}},"type":"cond-expr","locations":[{"start":{"line":33,"column":19},"end":{"line":33,"column":20}},{"start":{"line":33,"column":19},"end":{"line":33,"column":20}}]},"3":{"loc":{"start":{"line":33,"column":15},"end":{"line":33,"column":19}},"type":"binary-expr","locations":[{"start":{"line":33,"column":15},"end":{"line":33,"column":20}},{"start":{"line":33,"column":15},"end":{"line":33,"column":19}}]},"4":{"loc":{"start":{"line":42,"column":14},"end":{"line":42,"column":19}},"type":"cond-expr","locations":[{"start":{"line":42,"column":18},"end":{"line":42,"column":19}},{"start":{"line":42,"column":18},"end":{"line":42,"column":19}}]},"5":{"loc":{"start":{"line":42,"column":14},"end":{"line":42,"column":18}},"type":"binary-expr","locations":[{"start":{"line":42,"column":14},"end":{"line":42,"column":19}},{"start":{"line":42,"column":14},"end":{"line":42,"column":18}}]},"6":{"loc":{"start":{"line":45,"column":14},"end":{"line":45,"column":19}},"type":"cond-expr","locations":[{"start":{"line":45,"column":18},"end":{"line":45,"column":19}},{"start":{"line":45,"column":18},"end":{"line":45,"column":19}}]},"7":{"loc":{"start":{"line":45,"column":14},"end":{"line":45,"column":18}},"type":"binary-expr","locations":[{"start":{"line":45,"column":14},"end":{"line":45,"column":19}},{"start":{"line":45,"column":14},"end":{"line":45,"column":18}}]}},"s":{"0":0,"1":0,"2":0,"3":0,"4":0,"5":0,"6":0,"7":0,"8":0,"9":0,"10":0,"11":0,"12":0,"13":0,"14":0,"15":0,"16":0,"17":0,"18":0},"f":{"0":0},"b":{"0":[0,0],"1":[0,0],"2":[0,0],"3":[0,0],"4":[0,0],"5":[0,0],"6":[0,0],"7":[0,0]}}
,"D:\\jig clg\\Projects\\vikas-inventory-rn\\Backend\\src\\approval\\approval.controller.ts": {"path":"D:\\jig clg\\Projects\\vikas-inventory-rn\\Backend\\src\\approval\\approval.controller.ts","statementMap":{"0":{"start":{"line":1,"column":0},"end":{"line":1,"column":88}},"1":{"start":{"line":2,"column":0},"end":{"line":2,"column":53}},"2":{"start":{"line":3,"column":0},"end":{"line":3,"column":54}},"3":{"start":{"line":4,"column":0},"end":{"line":4,"column":60}},"4":{"start":{"line":5,"column":0},"end":{"line":5,"column":59}},"5":{"start":{"line":6,"column":0},"end":{"line":6,"column":62}},"6":{"start":{"line":10,"column":7},"end":{"line":24,"column":null}},"7":{"start":{"line":11,"column":22},"end":{"line":11,"column":39}},"8":{"start":{"line":16,"column":4},"end":{"line":16,"column":61}},"9":{"start":{"line":22,"column":4},"end":{"line":22,"column":94}},"10":{"start":{"line":10,"column":13},"end":{"line":10,"column":31}},"11":{"start":{"line":15,"column":2},"end":{"line":17,"column":null}},"12":{"start":{"line":21,"column":2},"end":{"line":23,"column":null}},"13":{"start":{"line":10,"column":13},"end":{"line":24,"column":null}}},"fnMap":{"0":{"name":"(anonymous_4)","decl":{"start":{"line":11,"column":2},"end":{"line":11,"column":22}},"loc":{"start":{"line":11,"column":54},"end":{"line":11,"column":58}}},"1":{"name":"(anonymous_5)","decl":{"start":{"line":15,"column":2},"end":{"line":15,"column":12}},"loc":{"start":{"line":15,"column":27},"end":{"line":17,"column":3}}},"2":{"name":"(anonymous_6)","decl":{"start":{"line":21,"column":2},"end":{"line":21,"column":8}},"loc":{"start":{"line":21,"column":80},"end":{"line":23,"column":3}}}},"branchMap":{"0":{"loc":{"start":{"line":21,"column":47},"end":{"line":21,"column":67}},"type":"cond-expr","locations":[{"start":{"line":21,"column":64},"end":{"line":21,"column":67}},{"start":{"line":21,"column":64},"end":{"line":21,"column":67}}]},"1":{"loc":{"start":{"line":21,"column":47},"end":{"line":21,"column":64}},"type":"binary-expr","locations":[{"start":{"line":21,"column":47},"end":{"line":21,"column":67}},{"start":{"line":21,"column":47},"end":{"line":21,"column":64}}]},"2":{"loc":{"start":{"line":11,"column":39},"end":{"line":11,"column":57}},"type":"cond-expr","locations":[{"start":{"line":11,"column":54},"end":{"line":11,"column":57}},{"start":{"line":11,"column":54},"end":{"line":11,"column":57}}]},"3":{"loc":{"start":{"line":11,"column":39},"end":{"line":11,"column":54}},"type":"binary-expr","locations":[{"start":{"line":11,"column":39},"end":{"line":11,"column":57}},{"start":{"line":11,"column":39},"end":{"line":11,"column":54}}]}},"s":{"0":0,"1":0,"2":0,"3":0,"4":0,"5":0,"6":0,"7":0,"8":0,"9":0,"10":0,"11":0,"12":0,"13":0},"f":{"0":0,"1":0,"2":0},"b":{"0":[0,0],"1":[0,0],"2":[0,0],"3":[0,0]}}
,"D:\\jig clg\\Projects\\vikas-inventory-rn\\Backend\\src\\approval\\approval.module.ts": {"path":"D:\\jig clg\\Projects\\vikas-inventory-rn\\Backend\\src\\approval\\approval.module.ts","statementMap":{"0":{"start":{"line":1,"column":0},"end":{"line":1,"column":40}},"1":{"start":{"line":2,"column":0},"end":{"line":2,"column":48}},"2":{"start":{"line":3,"column":0},"end":{"line":3,"column":53}},"3":{"start":{"line":4,"column":0},"end":{"line":4,"column":59}},"4":{"start":{"line":5,"column":0},"end":{"line":5,"column":60}},"5":{"start":{"line":6,"column":0},"end":{"line":6,"column":52}},"6":{"start":{"line":7,"column":0},"end":{"line":7,"column":43}},"7":{"start":{"line":8,"column":0},"end":{"line":8,"column":63}},"8":{"start":{"line":9,"column":0},"end":{"line":9,"column":78}},"9":{"start":{"line":10,"column":0},"end":{"line":10,"column":73}},"10":{"start":{"line":23,"column":7},"end":{"line":23,"column":null}},"11":{"start":{"line":23,"column":13},"end":{"line":23,"column":27}},"12":{"start":{"line":23,"column":13},"end":{"line":23,"column":null}}},"fnMap":{},"branchMap":{},"s":{"0":0,"1":0,"2":0,"3":0,"4":0,"5":0,"6":0,"7":0,"8":0,"9":0,"10":0,"11":0,"12":0},"f":{},"b":{}}
,"D:\\jig clg\\Projects\\vikas-inventory-rn\\Backend\\src\\approval\\approval.service.ts": {"path":"D:\\jig clg\\Projects\\vikas-inventory-rn\\Backend\\src\\approval\\approval.service.ts","statementMap":{"0":{"start":{"line":1,"column":0},"end":{"line":1,"column":104}},"1":{"start":{"line":2,"column":0},"end":{"line":2,"column":51}},"2":{"start":{"line":3,"column":0},"end":{"line":3,"column":49}},"3":{"start":{"line":4,"column":0},"end":{"line":4,"column":60}},"4":{"start":{"line":5,"column":0},"end":{"line":5,"column":52}},"5":{"start":{"line":6,"column":0},"end":{"line":6,"column":43}},"6":{"start":{"line":7,"column":0},"end":{"line":7,"column":65}},"7":{"start":{"line":8,"column":0},"end":{"line":8,"column":68}},"8":{"start":{"line":9,"column":0},"end":{"line":9,"column":67}},"9":{"start":{"line":10,"column":0},"end":{"line":10,"column":64}},"10":{"start":{"line":11,"column":0},"end":{"line":11,"column":75}},"11":{"start":{"line":14,"column":7},"end":{"line":143,"column":null}},"12":{"start":{"line":16,"column":47},"end":{"line":16,"column":56}},"13":{"start":{"line":17,"column":43},"end":{"line":17,"column":52}},"14":{"start":{"line":18,"column":36},"end":{"line":18,"column":46}},"15":{"start":{"line":19,"column":12},"end":{"line":19,"column":24}},"16":{"start":{"line":20,"column":12},"end":{"line":20,"column":29}},"17":{"start":{"line":21,"column":12},"end":{"line":21,"column":27}},"18":{"start":{"line":22,"column":12},"end":{"line":22,"column":33}},"19":{"start":{"line":26,"column":20},"end":{"line":31,"column":6}},"20":{"start":{"line":32,"column":4},"end":{"line":32,"column":38}},"21":{"start":{"line":36,"column":4},"end":{"line":36,"column":104}},"22":{"start":{"line":36,"column":56},"end":{"line":36,"column":104}},"23":{"start":{"line":38,"column":24},"end":{"line":38,"column":59}},"24":{"start":{"line":39,"column":4},"end":{"line":39,"column":32}},"25":{"start":{"line":40,"column":4},"end":{"line":40,"column":41}},"26":{"start":{"line":42,"column":4},"end":{"line":126,"column":5}},"27":{"start":{"line":43,"column":22},"end":{"line":43,"column":102}},"28":{"start":{"line":44,"column":6},"end":{"line":44,"column":78}},"29":{"start":{"line":44,"column":20},"end":{"line":44,"column":78}},"30":{"start":{"line":45,"column":6},"end":{"line":45,"column":111}},"31":{"start":{"line":45,"column":49},"end":{"line":45,"column":111}},"32":{"start":{"line":48,"column":6},"end":{"line":60,"column":7}},"33":{"start":{"line":49,"column":20},"end":{"line":49,"column":111}},"34":{"start":{"line":50,"column":8},"end":{"line":52,"column":9}},"35":{"start":{"line":51,"column":10},"end":{"line":51,"column":93}},"36":{"start":{"line":53,"column":13},"end":{"line":60,"column":7}},"37":{"start":{"line":54,"column":21},"end":{"line":54,"column":111}},"38":{"start":{"line":55,"column":8},"end":{"line":57,"column":9}},"39":{"start":{"line":56,"column":10},"end":{"line":56,"column":93}},"40":{"start":{"line":58,"column":13},"end":{"line":60,"column":7}},"41":{"start":{"line":59,"column":8},"end":{"line":59,"column":58}},"42":{"start":{"line":62,"column":6},"end":{"line":62,"column":30}},"43":{"start":{"line":63,"column":6},"end":{"line":63,"column":55}},"44":{"start":{"line":64,"column":6},"end":{"line":64,"column":39}},"45":{"start":{"line":65,"column":6},"end":{"line":65,"column":52}},"46":{"start":{"line":65,"column":18},"end":{"line":65,"column":52}},"47":{"start":{"line":66,"column":6},"end":{"line":66,"column":46}},"48":{"start":{"line":68,"column":18},"end":{"line":75,"column":8}},"49":{"start":{"line":76,"column":6},"end":{"line":76,"column":42}},"50":{"start":{"line":78,"column":6},"end":{"line":84,"column":7}},"51":{"start":{"line":79,"column":21},"end":{"line":79,"column":106}},"52":{"start":{"line":80,"column":8},"end":{"line":83,"column":9}},"53":{"start":{"line":81,"column":10},"end":{"line":81,"column":40}},"54":{"start":{"line":82,"column":10},"end":{"line":82,"column":47}},"55":{"start":{"line":86,"column":6},"end":{"line":86,"column":44}},"56":{"start":{"line":89,"column":26},"end":{"line":89,"column":107}},"57":{"start":{"line":90,"column":6},"end":{"line":93,"column":9}},"58":{"start":{"line":95,"column":6},"end":{"line":97,"column":7}},"59":{"start":{"line":96,"column":8},"end":{"line":96,"column":148}},"60":{"start":{"line":99,"column":6},"end":{"line":118,"column":7}},"61":{"start":{"line":100,"column":24},"end":{"line":100,"column":42}},"62":{"start":{"line":101,"column":25},"end":{"line":101,"column":31}},"63":{"start":{"line":102,"column":8},"end":{"line":105,"column":86}},"64":{"start":{"line":102,"column":62},"end":{"line":102,"column":86}},"65":{"start":{"line":103,"column":13},"end":{"line":105,"column":86}},"66":{"start":{"line":103,"column":70},"end":{"line":103,"column":97}},"67":{"start":{"line":104,"column":13},"end":{"line":105,"column":86}},"68":{"start":{"line":104,"column":71},"end":{"line":104,"column":99}},"69":{"start":{"line":105,"column":13},"end":{"line":105,"column":86}},"70":{"start":{"line":105,"column":58},"end":{"line":105,"column":86}},"71":{"start":{"line":107,"column":8},"end":{"line":107,"column":96}},"72":{"start":{"line":109,"column":8},"end":{"line":117,"column":10}},"73":{"start":{"line":120,"column":6},"end":{"line":120,"column":59}},"74":{"start":{"line":122,"column":6},"end":{"line":122,"column":46}},"75":{"start":{"line":123,"column":6},"end":{"line":123,"column":16}},"76":{"start":{"line":125,"column":6},"end":{"line":125,"column":34}},"77":{"start":{"line":130,"column":4},"end":{"line":140,"column":5}},"78":{"start":{"line":131,"column":6},"end":{"line":131,"column":74}},"79":{"start":{"line":132,"column":11},"end":{"line":140,"column":5}},"80":{"start":{"line":133,"column":18},"end":{"line":133,"column":119}},"81":{"start":{"line":134,"column":6},"end":{"line":134,"column":26}},"82":{"start":{"line":134,"column":16},"end":{"line":134,"column":26}},"83":{"start":{"line":135,"column":6},"end":{"line":135,"column":99}},"84":{"start":{"line":136,"column":11},"end":{"line":140,"column":5}},"85":{"start":{"line":137,"column":19},"end":{"line":137,"column":119}},"86":{"start":{"line":138,"column":6},"end":{"line":138,"column":27}},"87":{"start":{"line":138,"column":17},"end":{"line":138,"column":27}},"88":{"start":{"line":139,"column":6},"end":{"line":139,"column":99}},"89":{"start":{"line":141,"column":4},"end":{"line":141,"column":14}},"90":{"start":{"line":14,"column":13},"end":{"line":14,"column":28}},"91":{"start":{"line":14,"column":13},"end":{"line":143,"column":null}}},"fnMap":{"0":{"name":"(anonymous_4)","decl":{"start":{"line":15,"column":2},"end":{"line":15,"column":null}},"loc":{"start":{"line":22,"column":52},"end":{"line":23,"column":6}}},"1":{"name":"(anonymous_5)","decl":{"start":{"line":25,"column":2},"end":{"line":25,"column":7}},"loc":{"start":{"line":25,"column":70},"end":{"line":33,"column":3}}},"2":{"name":"(anonymous_6)","decl":{"start":{"line":35,"column":2},"end":{"line":35,"column":7}},"loc":{"start":{"line":35,"column":119},"end":{"line":127,"column":3}}},"3":{"name":"(anonymous_7)","decl":{"start":{"line":129,"column":2},"end":{"line":129,"column":7}},"loc":{"start":{"line":129,"column":72},"end":{"line":142,"column":3}}}},"branchMap":{"0":{"loc":{"start":{"line":36,"column":4},"end":{"line":36,"column":104}},"type":"if","locations":[{"start":{"line":36,"column":4},"end":{"line":36,"column":104}},{"start":{},"end":{}}]},"1":{"loc":{"start":{"line":36,"column":8},"end":{"line":36,"column":54}},"type":"binary-expr","locations":[{"start":{"line":36,"column":8},"end":{"line":36,"column":29}},{"start":{"line":36,"column":33},"end":{"line":36,"column":54}}]},"2":{"loc":{"start":{"line":44,"column":6},"end":{"line":44,"column":78}},"type":"if","locations":[{"start":{"line":44,"column":6},"end":{"line":44,"column":78}},{"start":{},"end":{}}]},"3":{"loc":{"start":{"line":45,"column":6},"end":{"line":45,"column":111}},"type":"if","locations":[{"start":{"line":45,"column":6},"end":{"line":45,"column":111}},{"start":{},"end":{}}]},"4":{"loc":{"start":{"line":48,"column":6},"end":{"line":60,"column":7}},"type":"if","locations":[{"start":{"line":48,"column":6},"end":{"line":60,"column":7}},{"start":{"line":53,"column":13},"end":{"line":60,"column":7}}]},"5":{"loc":{"start":{"line":50,"column":8},"end":{"line":52,"column":9}},"type":"if","locations":[{"start":{"line":50,"column":8},"end":{"line":52,"column":9}},{"start":{},"end":{}}]},"6":{"loc":{"start":{"line":50,"column":12},"end":{"line":50,"column":54}},"type":"binary-expr","locations":[{"start":{"line":50,"column":12},"end":{"line":50,"column":16}},{"start":{"line":50,"column":20},"end":{"line":50,"column":54}}]},"7":{"loc":{"start":{"line":53,"column":13},"end":{"line":60,"column":7}},"type":"if","locations":[{"start":{"line":53,"column":13},"end":{"line":60,"column":7}},{"start":{"line":58,"column":13},"end":{"line":60,"column":7}}]},"8":{"loc":{"start":{"line":55,"column":8},"end":{"line":57,"column":9}},"type":"if","locations":[{"start":{"line":55,"column":8},"end":{"line":57,"column":9}},{"start":{},"end":{}}]},"9":{"loc":{"start":{"line":55,"column":12},"end":{"line":55,"column":55}},"type":"binary-expr","locations":[{"start":{"line":55,"column":12},"end":{"line":55,"column":17}},{"start":{"line":55,"column":21},"end":{"line":55,"column":55}}]},"10":{"loc":{"start":{"line":58,"column":13},"end":{"line":60,"column":7}},"type":"if","locations":[{"start":{"line":58,"column":13},"end":{"line":60,"column":7}},{"start":{},"end":{}}]},"11":{"loc":{"start":{"line":65,"column":6},"end":{"line":65,"column":52}},"type":"if","locations":[{"start":{"line":65,"column":6},"end":{"line":65,"column":52}},{"start":{},"end":{}}]},"12":{"loc":{"start":{"line":78,"column":6},"end":{"line":84,"column":7}},"type":"if","locations":[{"start":{"line":78,"column":6},"end":{"line":84,"column":7}},{"start":{},"end":{}}]},"13":{"loc":{"start":{"line":80,"column":8},"end":{"line":83,"column":9}},"type":"if","locations":[{"start":{"line":80,"column":8},"end":{"line":83,"column":9}},{"start":{},"end":{}}]},"14":{"loc":{"start":{"line":89,"column":26},"end":{"line":89,"column":107}},"type":"cond-expr","locations":[{"start":{"line":89,"column":50},"end":{"line":89,"column":77}},{"start":{"line":89,"column":80},"end":{"line":89,"column":107}}]},"15":{"loc":{"start":{"line":95,"column":6},"end":{"line":97,"column":7}},"type":"if","locations":[{"start":{"line":95,"column":6},"end":{"line":97,"column":7}},{"start":{},"end":{}}]},"16":{"loc":{"start":{"line":99,"column":6},"end":{"line":118,"column":7}},"type":"if","locations":[{"start":{"line":99,"column":6},"end":{"line":118,"column":7}},{"start":{},"end":{}}]},"17":{"loc":{"start":{"line":102,"column":8},"end":{"line":105,"column":86}},"type":"if","locations":[{"start":{"line":102,"column":8},"end":{"line":105,"column":86}},{"start":{"line":103,"column":13},"end":{"line":105,"column":86}}]},"18":{"loc":{"start":{"line":103,"column":13},"end":{"line":105,"column":86}},"type":"if","locations":[{"start":{"line":103,"column":13},"end":{"line":105,"column":86}},{"start":{"line":104,"column":13},"end":{"line":105,"column":86}}]},"19":{"loc":{"start":{"line":104,"column":13},"end":{"line":105,"column":86}},"type":"if","locations":[{"start":{"line":104,"column":13},"end":{"line":105,"column":86}},{"start":{"line":105,"column":13},"end":{"line":105,"column":86}}]},"20":{"loc":{"start":{"line":105,"column":13},"end":{"line":105,"column":86}},"type":"if","locations":[{"start":{"line":105,"column":13},"end":{"line":105,"column":86}},{"start":{},"end":{}}]},"21":{"loc":{"start":{"line":107,"column":20},"end":{"line":107,"column":95}},"type":"cond-expr","locations":[{"start":{"line":107,"column":44},"end":{"line":107,"column":68}},{"start":{"line":107,"column":71},"end":{"line":107,"column":95}}]},"22":{"loc":{"start":{"line":113,"column":65},"end":{"line":113,"column":77}},"type":"binary-expr","locations":[{"start":{"line":113,"column":65},"end":{"line":113,"column":71}},{"start":{"line":113,"column":75},"end":{"line":113,"column":77}}]},"23":{"loc":{"start":{"line":130,"column":4},"end":{"line":140,"column":5}},"type":"if","locations":[{"start":{"line":130,"column":4},"end":{"line":140,"column":5}},{"start":{"line":132,"column":11},"end":{"line":140,"column":5}}]},"24":{"loc":{"start":{"line":132,"column":11},"end":{"line":140,"column":5}},"type":"if","locations":[{"start":{"line":132,"column":11},"end":{"line":140,"column":5}},{"start":{"line":136,"column":11},"end":{"line":140,"column":5}}]},"25":{"loc":{"start":{"line":134,"column":6},"end":{"line":134,"column":26}},"type":"if","locations":[{"start":{"line":134,"column":6},"end":{"line":134,"column":26}},{"start":{},"end":{}}]},"26":{"loc":{"start":{"line":136,"column":11},"end":{"line":140,"column":5}},"type":"if","locations":[{"start":{"line":136,"column":11},"end":{"line":140,"column":5}},{"start":{},"end":{}}]},"27":{"loc":{"start":{"line":138,"column":6},"end":{"line":138,"column":27}},"type":"if","locations":[{"start":{"line":138,"column":6},"end":{"line":138,"column":27}},{"start":{},"end":{}}]},"28":{"loc":{"start":{"line":16,"column":56},"end":{"line":16,"column":83}},"type":"cond-expr","locations":[{"start":{"line":16,"column":66},"end":{"line":16,"column":83}},{"start":{"line":16,"column":66},"end":{"line":16,"column":83}}]},"29":{"loc":{"start":{"line":16,"column":56},"end":{"line":16,"column":66}},"type":"binary-expr","locations":[{"start":{"line":16,"column":56},"end":{"line":16,"column":83}},{"start":{"line":16,"column":56},"end":{"line":16,"column":66}}]},"30":{"loc":{"start":{"line":16,"column":66},"end":{"line":17,"column":75}},"type":"cond-expr","locations":[{"start":{"line":17,"column":62},"end":{"line":17,"column":75}},{"start":{"line":17,"column":62},"end":{"line":17,"column":75}}]},"31":{"loc":{"start":{"line":16,"column":66},"end":{"line":17,"column":62}},"type":"binary-expr","locations":[{"start":{"line":16,"column":66},"end":{"line":17,"column":75}},{"start":{"line":17,"column":52},"end":{"line":17,"column":62}}]},"32":{"loc":{"start":{"line":17,"column":62},"end":{"line":18,"column":62}},"type":"cond-expr","locations":[{"start":{"line":18,"column":56},"end":{"line":18,"column":62}},{"start":{"line":18,"column":56},"end":{"line":18,"column":62}}]},"33":{"loc":{"start":{"line":17,"column":62},"end":{"line":18,"column":56}},"type":"binary-expr","locations":[{"start":{"line":17,"column":62},"end":{"line":18,"column":62}},{"start":{"line":18,"column":46},"end":{"line":18,"column":56}}]},"34":{"loc":{"start":{"line":18,"column":56},"end":{"line":19,"column":null}},"type":"cond-expr","locations":[{"start":{"line":19,"column":34},"end":{"line":19,"column":null}},{"start":{"line":19,"column":34},"end":{"line":19,"column":null}}]},"35":{"loc":{"start":{"line":18,"column":56},"end":{"line":19,"column":34}},"type":"binary-expr","locations":[{"start":{"line":18,"column":56},"end":{"line":19,"column":null}},{"start":{"line":19,"column":24},"end":{"line":19,"column":34}}]},"36":{"loc":{"start":{"line":19,"column":34},"end":{"line":20,"column":null}},"type":"cond-expr","locations":[{"start":{"line":20,"column":44},"end":{"line":20,"column":null}},{"start":{"line":20,"column":44},"end":{"line":20,"column":null}}]},"37":{"loc":{"start":{"line":19,"column":34},"end":{"line":20,"column":44}},"type":"binary-expr","locations":[{"start":{"line":19,"column":34},"end":{"line":20,"column":null}},{"start":{"line":20,"column":29},"end":{"line":20,"column":44}}]},"38":{"loc":{"start":{"line":20,"column":44},"end":{"line":21,"column":null}},"type":"cond-expr","locations":[{"start":{"line":21,"column":43},"end":{"line":21,"column":null}},{"start":{"line":21,"column":43},"end":{"line":21,"column":null}}]},"39":{"loc":{"start":{"line":20,"column":44},"end":{"line":21,"column":43}},"type":"binary-expr","locations":[{"start":{"line":20,"column":44},"end":{"line":21,"column":null}},{"start":{"line":21,"column":27},"end":{"line":21,"column":43}}]},"40":{"loc":{"start":{"line":21,"column":43},"end":{"line":22,"column":null}},"type":"cond-expr","locations":[{"start":{"line":22,"column":52},"end":{"line":22,"column":null}},{"start":{"line":22,"column":52},"end":{"line":22,"column":null}}]},"41":{"loc":{"start":{"line":21,"column":43},"end":{"line":22,"column":52}},"type":"binary-expr","locations":[{"start":{"line":21,"column":43},"end":{"line":22,"column":null}},{"start":{"line":22,"column":33},"end":{"line":22,"column":52}}]}},"s":{"0":0,"1":0,"2":0,"3":0,"4":0,"5":0,"6":0,"7":0,"8":0,"9":0,"10":0,"11":0,"12":0,"13":0,"14":0,"15":0,"16":0,"17":0,"18":0,"19":0,"20":0,"21":0,"22":0,"23":0,"24":0,"25":0,"26":0,"27":0,"28":0,"29":0,"30":0,"31":0,"32":0,"33":0,"34":0,"35":0,"36":0,"37":0,"38":0,"39":0,"40":0,"41":0,"42":0,"43":0,"44":0,"45":0,"46":0,"47":0,"48":0,"49":0,"50":0,"51":0,"52":0,"53":0,"54":0,"55":0,"56":0,"57":0,"58":0,"59":0,"60":0,"61":0,"62":0,"63":0,"64":0,"65":0,"66":0,"67":0,"68":0,"69":0,"70":0,"71":0,"72":0,"73":0,"74":0,"75":0,"76":0,"77":0,"78":0,"79":0,"80":0,"81":0,"82":0,"83":0,"84":0,"85":0,"86":0,"87":0,"88":0,"89":0,"90":0,"91":0},"f":{"0":0,"1":0,"2":0,"3":0},"b":{"0":[0,0],"1":[0,0],"2":[0,0],"3":[0,0],"4":[0,0],"5":[0,0],"6":[0,0],"7":[0,0],"8":[0,0],"9":[0,0],"10":[0,0],"11":[0,0],"12":[0,0],"13":[0,0],"14":[0,0],"15":[0,0],"16":[0,0],"17":[0,0],"18":[0,0],"19":[0,0],"20":[0,0],"21":[0,0],"22":[0,0],"23":[0,0],"24":[0,0],"25":[0,0],"26":[0,0],"27":[0,0],"28":[0,0],"29":[0,0],"30":[0,0],"31":[0,0],"32":[0,0],"33":[0,0],"34":[0,0],"35":[0,0],"36":[0,0],"37":[0,0],"38":[0,0],"39":[0,0],"40":[0,0],"41":[0,0]}}
,"D:\\jig clg\\Projects\\vikas-inventory-rn\\Backend\\src\\approval\\dto\\review-approval.dto.ts": {"path":"D:\\jig clg\\Projects\\vikas-inventory-rn\\Backend\\src\\approval\\dto\\review-approval.dto.ts","statementMap":{"0":{"start":{"line":1,"column":0},"end":{"line":1,"column":75}},"1":{"start":{"line":3,"column":0},"end":{"line":3,"column":13}},"2":{"start":{"line":6,"column":2},"end":{"line":6,"column":null}},"3":{"start":{"line":10,"column":2},"end":{"line":10,"column":null}}},"fnMap":{},"branchMap":{},"s":{"0":0,"1":0,"2":0,"3":0},"f":{},"b":{}}
,"D:\\jig clg\\Projects\\vikas-inventory-rn\\Backend\\src\\audit-log\\audit-log.entity.ts": {"path":"D:\\jig clg\\Projects\\vikas-inventory-rn\\Backend\\src\\audit-log\\audit-log.entity.ts","statementMap":{"0":{"start":{"line":1,"column":0},"end":{"line":1,"column":83}},"1":{"start":{"line":4,"column":7},"end":{"line":43,"column":null}},"2":{"start":{"line":4,"column":13},"end":{"line":4,"column":21}},"3":{"start":{"line":6,"column":2},"end":{"line":6,"column":null}},"4":{"start":{"line":9,"column":2},"end":{"line":9,"column":null}},"5":{"start":{"line":12,"column":2},"end":{"line":12,"column":null}},"6":{"start":{"line":15,"column":2},"end":{"line":15,"column":null}},"7":{"start":{"line":18,"column":2},"end":{"line":18,"column":null}},"8":{"start":{"line":21,"column":2},"end":{"line":21,"column":null}},"9":{"start":{"line":24,"column":2},"end":{"line":24,"column":null}},"10":{"start":{"line":27,"column":2},"end":{"line":27,"column":null}},"11":{"start":{"line":30,"column":2},"end":{"line":30,"column":null}},"12":{"start":{"line":33,"column":2},"end":{"line":33,"column":null}},"13":{"start":{"line":36,"column":2},"end":{"line":36,"column":null}},"14":{"start":{"line":39,"column":2},"end":{"line":39,"column":null}},"15":{"start":{"line":42,"column":2},"end":{"line":42,"column":null}},"16":{"start":{"line":4,"column":13},"end":{"line":43,"column":null}}},"fnMap":{},"branchMap":{"0":{"loc":{"start":{"line":42,"column":14},"end":{"line":42,"column":19}},"type":"cond-expr","locations":[{"start":{"line":42,"column":18},"end":{"line":42,"column":19}},{"start":{"line":42,"column":18},"end":{"line":42,"column":19}}]},"1":{"loc":{"start":{"line":42,"column":14},"end":{"line":42,"column":18}},"type":"binary-expr","locations":[{"start":{"line":42,"column":14},"end":{"line":42,"column":19}},{"start":{"line":42,"column":14},"end":{"line":42,"column":18}}]}},"s":{"0":1,"1":1,"2":1,"3":1,"4":1,"5":1,"6":1,"7":1,"8":1,"9":1,"10":1,"11":1,"12":1,"13":1,"14":1,"15":1,"16":1},"f":{},"b":{"0":[1,0],"1":[1,1]}}
,"D:\\jig clg\\Projects\\vikas-inventory-rn\\Backend\\src\\audit-log\\audit-log.module.ts": {"path":"D:\\jig clg\\Projects\\vikas-inventory-rn\\Backend\\src\\audit-log\\audit-log.module.ts","statementMap":{"0":{"start":{"line":1,"column":0},"end":{"line":1,"column":40}},"1":{"start":{"line":2,"column":0},"end":{"line":2,"column":54}},"2":{"start":{"line":3,"column":0},"end":{"line":3,"column":48}},"3":{"start":{"line":4,"column":0},"end":{"line":4,"column":46}},"4":{"start":{"line":11,"column":7},"end":{"line":11,"column":null}},"5":{"start":{"line":11,"column":13},"end":{"line":11,"column":27}},"6":{"start":{"line":11,"column":13},"end":{"line":11,"column":null}}},"fnMap":{},"branchMap":{},"s":{"0":0,"1":0,"2":0,"3":0,"4":0,"5":0,"6":0},"f":{},"b":{}}
,"D:\\jig clg\\Projects\\vikas-inventory-rn\\Backend\\src\\audit-log\\audit-log.service.ts": {"path":"D:\\jig clg\\Projects\\vikas-inventory-rn\\Backend\\src\\audit-log\\audit-log.service.ts","statementMap":{"0":{"start":{"line":1,"column":0},"end":{"line":1,"column":44}},"1":{"start":{"line":2,"column":0},"end":{"line":2,"column":51}},"2":{"start":{"line":3,"column":0},"end":{"line":3,"column":37}},"3":{"start":{"line":4,"column":0},"end":{"line":4,"column":46}},"4":{"start":{"line":7,"column":7},"end":{"line":23,"column":null}},"5":{"start":{"line":10,"column":12},"end":{"line":10,"column":26}},"6":{"start":{"line":14,"column":16},"end":{"line":20,"column":6}},"7":{"start":{"line":21,"column":4},"end":{"line":21,"column":39}},"8":{"start":{"line":7,"column":13},"end":{"line":7,"column":28}},"9":{"start":{"line":7,"column":13},"end":{"line":23,"column":null}}},"fnMap":{"0":{"name":"(anonymous_4)","decl":{"start":{"line":8,"column":2},"end":{"line":8,"column":null}},"loc":{"start":{"line":10,"column":46},"end":{"line":11,"column":6}}},"1":{"name":"(anonymous_5)","decl":{"start":{"line":13,"column":2},"end":{"line":13,"column":7}},"loc":{"start":{"line":13,"column":116},"end":{"line":22,"column":3}}}},"branchMap":{"0":{"loc":{"start":{"line":10,"column":26},"end":{"line":10,"column":46}},"type":"cond-expr","locations":[{"start":{"line":10,"column":36},"end":{"line":10,"column":46}},{"start":{"line":10,"column":36},"end":{"line":10,"column":46}}]},"1":{"loc":{"start":{"line":10,"column":26},"end":{"line":10,"column":36}},"type":"binary-expr","locations":[{"start":{"line":10,"column":26},"end":{"line":10,"column":46}},{"start":{"line":10,"column":26},"end":{"line":10,"column":36}}]}},"s":{"0":1,"1":1,"2":1,"3":1,"4":1,"5":0,"6":0,"7":0,"8":1,"9":1},"f":{"0":0,"1":0},"b":{"0":[1,0],"1":[1,1]}}
,"D:\\jig clg\\Projects\\vikas-inventory-rn\\Backend\\src\\audit-log\\audit.interceptor.ts": {"path":"D:\\jig clg\\Projects\\vikas-inventory-rn\\Backend\\src\\audit-log\\audit.interceptor.ts","statementMap":{"0":{"start":{"line":1,"column":0},"end":{"line":1,"column":92}},"1":{"start":{"line":3,"column":0},"end":{"line":3,"column":37}},"2":{"start":{"line":4,"column":0},"end":{"line":4,"column":54}},"3":{"start":{"line":7,"column":7},"end":{"line":29,"column":null}},"4":{"start":{"line":8,"column":22},"end":{"line":8,"column":39}},"5":{"start":{"line":11,"column":20},"end":{"line":11,"column":55}},"6":{"start":{"line":12,"column":46},"end":{"line":12,"column":53}},"7":{"start":{"line":14,"column":4},"end":{"line":27,"column":6}},"8":{"start":{"line":16,"column":8},"end":{"line":25,"column":9}},"9":{"start":{"line":18,"column":10},"end":{"line":24,"column":12}},"10":{"start":{"line":7,"column":13},"end":{"line":7,"column":29}},"11":{"start":{"line":7,"column":13},"end":{"line":29,"column":null}}},"fnMap":{"0":{"name":"(anonymous_2)","decl":{"start":{"line":8,"column":2},"end":{"line":8,"column":22}},"loc":{"start":{"line":8,"column":54},"end":{"line":8,"column":58}}},"1":{"name":"(anonymous_3)","decl":{"start":{"line":10,"column":2},"end":{"line":10,"column":11}},"loc":{"start":{"line":10,"column":56},"end":{"line":28,"column":3}}},"2":{"name":"(anonymous_4)","decl":{"start":{"line":15,"column":10},"end":{"line":15,"column":13}},"loc":{"start":{"line":15,"column":15},"end":{"line":26,"column":7}}}},"branchMap":{"0":{"loc":{"start":{"line":16,"column":8},"end":{"line":25,"column":9}},"type":"if","locations":[{"start":{"line":16,"column":8},"end":{"line":25,"column":9}},{"start":{},"end":{}}]},"1":{"loc":{"start":{"line":22,"column":12},"end":{"line":22,"column":32}},"type":"binary-expr","locations":[{"start":{"line":22,"column":12},"end":{"line":22,"column":24}},{"start":{"line":22,"column":28},"end":{"line":22,"column":32}}]},"2":{"loc":{"start":{"line":8,"column":39},"end":{"line":8,"column":57}},"type":"cond-expr","locations":[{"start":{"line":8,"column":54},"end":{"line":8,"column":57}},{"start":{"line":8,"column":54},"end":{"line":8,"column":57}}]},"3":{"loc":{"start":{"line":8,"column":39},"end":{"line":8,"column":54}},"type":"binary-expr","locations":[{"start":{"line":8,"column":39},"end":{"line":8,"column":57}},{"start":{"line":8,"column":39},"end":{"line":8,"column":54}}]}},"s":{"0":0,"1":0,"2":0,"3":0,"4":0,"5":0,"6":0,"7":0,"8":0,"9":0,"10":0,"11":0},"f":{"0":0,"1":0,"2":0},"b":{"0":[0,0],"1":[0,0],"2":[0,0],"3":[0,0]}}
,"D:\\jig clg\\Projects\\vikas-inventory-rn\\Backend\\src\\auth\\auth.controller.ts": {"path":"D:\\jig clg\\Projects\\vikas-inventory-rn\\Backend\\src\\auth\\auth.controller.ts","statementMap":{"0":{"start":{"line":1,"column":0},"end":{"line":1,"column":81}},"1":{"start":{"line":2,"column":0},"end":{"line":2,"column":45}},"2":{"start":{"line":3,"column":0},"end":{"line":3,"column":43}},"3":{"start":{"line":4,"column":0},"end":{"line":4,"column":72}},"4":{"start":{"line":5,"column":0},"end":{"line":5,"column":66}},"5":{"start":{"line":6,"column":0},"end":{"line":6,"column":58}},"6":{"start":{"line":7,"column":0},"end":{"line":7,"column":48}},"7":{"start":{"line":10,"column":7},"end":{"line":45,"column":null}},"8":{"start":{"line":11,"column":22},"end":{"line":11,"column":35}},"9":{"start":{"line":15,"column":17},"end":{"line":15,"column":86}},"10":{"start":{"line":16,"column":4},"end":{"line":16,"column":40}},"11":{"start":{"line":21,"column":4},"end":{"line":21,"column":53}},"12":{"start":{"line":26,"column":4},"end":{"line":26,"column":50}},"13":{"start":{"line":31,"column":4},"end":{"line":31,"column":61}},"14":{"start":{"line":37,"column":4},"end":{"line":37,"column":52}},"15":{"start":{"line":43,"column":4},"end":{"line":43,"column":56}},"16":{"start":{"line":10,"column":13},"end":{"line":10,"column":27}},"17":{"start":{"line":14,"column":8},"end":{"line":17,"column":null}},"18":{"start":{"line":20,"column":8},"end":{"line":22,"column":null}},"19":{"start":{"line":25,"column":8},"end":{"line":27,"column":null}},"20":{"start":{"line":30,"column":8},"end":{"line":32,"column":null}},"21":{"start":{"line":36,"column":8},"end":{"line":38,"column":null}},"22":{"start":{"line":42,"column":2},"end":{"line":44,"column":null}},"23":{"start":{"line":10,"column":13},"end":{"line":45,"column":null}}},"fnMap":{"0":{"name":"(anonymous_4)","decl":{"start":{"line":11,"column":2},"end":{"line":11,"column":22}},"loc":{"start":{"line":11,"column":46},"end":{"line":11,"column":50}}},"1":{"name":"(anonymous_5)","decl":{"start":{"line":14,"column":8},"end":{"line":14,"column":13}},"loc":{"start":{"line":14,"column":35},"end":{"line":17,"column":3}}},"2":{"name":"(anonymous_6)","decl":{"start":{"line":20,"column":8},"end":{"line":20,"column":27}},"loc":{"start":{"line":20,"column":63},"end":{"line":22,"column":3}}},"3":{"name":"(anonymous_7)","decl":{"start":{"line":25,"column":8},"end":{"line":25,"column":24}},"loc":{"start":{"line":25,"column":57},"end":{"line":27,"column":3}}},"4":{"name":"(anonymous_8)","decl":{"start":{"line":30,"column":8},"end":{"line":30,"column":21}},"loc":{"start":{"line":30,"column":50},"end":{"line":32,"column":3}}},"5":{"name":"(anonymous_9)","decl":{"start":{"line":36,"column":8},"end":{"line":36,"column":14}},"loc":{"start":{"line":36,"column":29},"end":{"line":38,"column":3}}},"6":{"name":"(anonymous_10)","decl":{"start":{"line":42,"column":2},"end":{"line":42,"column":12}},"loc":{"start":{"line":42,"column":27},"end":{"line":44,"column":3}}}},"branchMap":{"0":{"loc":{"start":{"line":14,"column":27},"end":{"line":14,"column":null}},"type":"cond-expr","locations":[{"start":{"line":14,"column":35},"end":{"line":14,"column":null}},{"start":{"line":14,"column":35},"end":{"line":14,"column":null}}]},"1":{"loc":{"start":{"line":14,"column":27},"end":{"line":14,"column":35}},"type":"binary-expr","locations":[{"start":{"line":14,"column":27},"end":{"line":14,"column":null}},{"start":{"line":14,"column":27},"end":{"line":14,"column":35}}]},"2":{"loc":{"start":{"line":20,"column":41},"end":{"line":20,"column":null}},"type":"cond-expr","locations":[{"start":{"line":20,"column":63},"end":{"line":20,"column":null}},{"start":{"line":20,"column":63},"end":{"line":20,"column":null}}]},"3":{"loc":{"start":{"line":20,"column":41},"end":{"line":20,"column":63}},"type":"binary-expr","locations":[{"start":{"line":20,"column":41},"end":{"line":20,"column":null}},{"start":{"line":20,"column":41},"end":{"line":20,"column":63}}]},"4":{"loc":{"start":{"line":25,"column":38},"end":{"line":25,"column":null}},"type":"cond-expr","locations":[{"start":{"line":25,"column":57},"end":{"line":25,"column":null}},{"start":{"line":25,"column":57},"end":{"line":25,"column":null}}]},"5":{"loc":{"start":{"line":25,"column":38},"end":{"line":25,"column":57}},"type":"binary-expr","locations":[{"start":{"line":25,"column":38},"end":{"line":25,"column":null}},{"start":{"line":25,"column":38},"end":{"line":25,"column":57}}]},"6":{"loc":{"start":{"line":30,"column":35},"end":{"line":30,"column":null}},"type":"cond-expr","locations":[{"start":{"line":30,"column":50},"end":{"line":30,"column":null}},{"start":{"line":30,"column":50},"end":{"line":30,"column":null}}]},"7":{"loc":{"start":{"line":30,"column":35},"end":{"line":30,"column":50}},"type":"binary-expr","locations":[{"start":{"line":30,"column":35},"end":{"line":30,"column":null}},{"start":{"line":30,"column":35},"end":{"line":30,"column":50}}]},"8":{"loc":{"start":{"line":11,"column":35},"end":{"line":11,"column":49}},"type":"cond-expr","locations":[{"start":{"line":11,"column":46},"end":{"line":11,"column":49}},{"start":{"line":11,"column":46},"end":{"line":11,"column":49}}]},"9":{"loc":{"start":{"line":11,"column":35},"end":{"line":11,"column":46}},"type":"binary-expr","locations":[{"start":{"line":11,"column":35},"end":{"line":11,"column":49}},{"start":{"line":11,"column":35},"end":{"line":11,"column":46}}]}},"s":{"0":0,"1":0,"2":0,"3":0,"4":0,"5":0,"6":0,"7":0,"8":0,"9":0,"10":0,"11":0,"12":0,"13":0,"14":0,"15":0,"16":0,"17":0,"18":0,"19":0,"20":0,"21":0,"22":0,"23":0},"f":{"0":0,"1":0,"2":0,"3":0,"4":0,"5":0,"6":0},"b":{"0":[0,0],"1":[0,0],"2":[0,0],"3":[0,0],"4":[0,0],"5":[0,0],"6":[0,0],"7":[0,0],"8":[0,0],"9":[0,0]}}
,"D:\\jig clg\\Projects\\vikas-inventory-rn\\Backend\\src\\auth\\auth.module.ts": {"path":"D:\\jig clg\\Projects\\vikas-inventory-rn\\Backend\\src\\auth\\auth.module.ts","statementMap":{"0":{"start":{"line":1,"column":0},"end":{"line":1,"column":40}},"1":{"start":{"line":2,"column":0},"end":{"line":2,"column":48}},"2":{"start":{"line":3,"column":0},"end":{"line":3,"column":40}},"3":{"start":{"line":4,"column":0},"end":{"line":4,"column":50}},"4":{"start":{"line":5,"column":0},"end":{"line":5,"column":61}},"5":{"start":{"line":7,"column":0},"end":{"line":7,"column":45}},"6":{"start":{"line":8,"column":0},"end":{"line":8,"column":51}},"7":{"start":{"line":9,"column":0},"end":{"line":9,"column":45}},"8":{"start":{"line":10,"column":0},"end":{"line":10,"column":43}},"9":{"start":{"line":29,"column":7},"end":{"line":29,"column":null}},"10":{"start":{"line":29,"column":13},"end":{"line":29,"column":23}},"11":{"start":{"line":29,"column":13},"end":{"line":29,"column":null}},"12":{"start":{"line":19,"column":46},"end":{"line":22,"column":8}}},"fnMap":{"0":{"name":"(anonymous_1)","decl":{"start":{"line":19,"column":18},"end":{"line":19,"column":19}},"loc":{"start":{"line":19,"column":46},"end":{"line":22,"column":8}}}},"branchMap":{},"s":{"0":0,"1":0,"2":0,"3":0,"4":0,"5":0,"6":0,"7":0,"8":0,"9":0,"10":0,"11":0,"12":0},"f":{"0":0},"b":{}}
,"D:\\jig clg\\Projects\\vikas-inventory-rn\\Backend\\src\\auth\\auth.service.ts": {"path":"D:\\jig clg\\Projects\\vikas-inventory-rn\\Backend\\src\\auth\\auth.service.ts","statementMap":{"0":{"start":{"line":1,"column":0},"end":{"line":1,"column":107}},"1":{"start":{"line":2,"column":0},"end":{"line":2,"column":51}},"2":{"start":{"line":3,"column":0},"end":{"line":3,"column":37}},"3":{"start":{"line":4,"column":0},"end":{"line":4,"column":41}},"4":{"start":{"line":5,"column":0},"end":{"line":5,"column":33}},"5":{"start":{"line":6,"column":0},"end":{"line":6,"column":43}},"6":{"start":{"line":11,"column":7},"end":{"line":152,"column":null}},"7":{"start":{"line":13,"column":36},"end":{"line":13,"column":46}},"8":{"start":{"line":14,"column":12},"end":{"line":14,"column":24}},"9":{"start":{"line":18,"column":17},"end":{"line":23,"column":6}},"10":{"start":{"line":24,"column":4},"end":{"line":24,"column":70}},"11":{"start":{"line":24,"column":15},"end":{"line":24,"column":70}},"12":{"start":{"line":26,"column":20},"end":{"line":26,"column":66}},"13":{"start":{"line":27,"column":4},"end":{"line":27,"column":73}},"14":{"start":{"line":27,"column":18},"end":{"line":27,"column":73}},"15":{"start":{"line":29,"column":4},"end":{"line":29,"column":80}},"16":{"start":{"line":29,"column":25},"end":{"line":29,"column":80}},"17":{"start":{"line":31,"column":4},"end":{"line":31,"column":16}},"18":{"start":{"line":35,"column":20},"end":{"line":35,"column":110}},"19":{"start":{"line":36,"column":24},"end":{"line":36,"column":53}},"20":{"start":{"line":39,"column":32},"end":{"line":39,"column":48}},"21":{"start":{"line":40,"column":25},"end":{"line":40,"column":87}},"22":{"start":{"line":42,"column":31},"end":{"line":42,"column":66}},"23":{"start":{"line":43,"column":4},"end":{"line":46,"column":7}},"24":{"start":{"line":48,"column":4},"end":{"line":51,"column":6}},"25":{"start":{"line":55,"column":19},"end":{"line":55,"column":103}},"26":{"start":{"line":56,"column":4},"end":{"line":56,"column":89}},"27":{"start":{"line":56,"column":16},"end":{"line":56,"column":89}},"28":{"start":{"line":58,"column":27},"end":{"line":58,"column":62}},"29":{"start":{"line":61,"column":24},"end":{"line":61,"column":76}},"30":{"start":{"line":62,"column":4},"end":{"line":62,"column":32}},"31":{"start":{"line":63,"column":4},"end":{"line":63,"column":41}},"32":{"start":{"line":65,"column":4},"end":{"line":100,"column":5}},"33":{"start":{"line":66,"column":19},"end":{"line":73,"column":8}},"34":{"start":{"line":74,"column":6},"end":{"line":74,"column":43}},"35":{"start":{"line":78,"column":30},"end":{"line":86,"column":8}},"36":{"start":{"line":89,"column":6},"end":{"line":89,"column":72}},"37":{"start":{"line":91,"column":6},"end":{"line":91,"column":44}},"38":{"start":{"line":94,"column":6},"end":{"line":94,"column":100}},"39":{"start":{"line":96,"column":6},"end":{"line":96,"column":46}},"40":{"start":{"line":97,"column":6},"end":{"line":97,"column":16}},"41":{"start":{"line":99,"column":6},"end":{"line":99,"column":34}},"42":{"start":{"line":104,"column":19},"end":{"line":104,"column":103}},"43":{"start":{"line":105,"column":4},"end":{"line":105,"column":89}},"44":{"start":{"line":105,"column":16},"end":{"line":105,"column":89}},"45":{"start":{"line":107,"column":27},"end":{"line":107,"column":62}},"46":{"start":{"line":109,"column":17},"end":{"line":116,"column":6}},"47":{"start":{"line":118,"column":4},"end":{"line":118,"column":35}},"48":{"start":{"line":120,"column":4},"end":{"line":120,"column":95}},"49":{"start":{"line":124,"column":4},"end":{"line":138,"column":5}},"50":{"start":{"line":125,"column":22},"end":{"line":125,"column":58}},"51":{"start":{"line":126,"column":19},"end":{"line":126,"column":78}},"52":{"start":{"line":128,"column":6},"end":{"line":130,"column":7}},"53":{"start":{"line":129,"column":8},"end":{"line":129,"column":57}},"54":{"start":{"line":132,"column":34},"end":{"line":132,"column":95}},"55":{"start":{"line":133,"column":6},"end":{"line":133,"column":81}},"56":{"start":{"line":133,"column":32},"end":{"line":133,"column":81}},"57":{"start":{"line":135,"column":6},"end":{"line":135,"column":30}},"58":{"start":{"line":137,"column":6},"end":{"line":137,"column":63}},"59":{"start":{"line":142,"column":4},"end":{"line":142,"column":71}},"60":{"start":{"line":143,"column":4},"end":{"line":143,"column":50}},"61":{"start":{"line":147,"column":17},"end":{"line":147,"column":71}},"62":{"start":{"line":148,"column":4},"end":{"line":148,"column":61}},"63":{"start":{"line":148,"column":15},"end":{"line":148,"column":61}},"64":{"start":{"line":149,"column":63},"end":{"line":149,"column":67}},"65":{"start":{"line":150,"column":4},"end":{"line":150,"column":18}},"66":{"start":{"line":11,"column":13},"end":{"line":11,"column":24}},"67":{"start":{"line":11,"column":13},"end":{"line":152,"column":null}}},"fnMap":{"0":{"name":"(anonymous_13)","decl":{"start":{"line":12,"column":2},"end":{"line":12,"column":null}},"loc":{"start":{"line":14,"column":34},"end":{"line":15,"column":6}}},"1":{"name":"(anonymous_14)","decl":{"start":{"line":17,"column":2},"end":{"line":17,"column":7}},"loc":{"start":{"line":17,"column":55},"end":{"line":32,"column":3}}},"2":{"name":"(anonymous_15)","decl":{"start":{"line":34,"column":2},"end":{"line":34,"column":7}},"loc":{"start":{"line":34,"column":24},"end":{"line":52,"column":3}}},"3":{"name":"(anonymous_16)","decl":{"start":{"line":54,"column":2},"end":{"line":54,"column":7}},"loc":{"start":{"line":54,"column":55},"end":{"line":101,"column":3}}},"4":{"name":"(anonymous_17)","decl":{"start":{"line":103,"column":2},"end":{"line":103,"column":7}},"loc":{"start":{"line":103,"column":49},"end":{"line":121,"column":3}}},"5":{"name":"(anonymous_18)","decl":{"start":{"line":123,"column":2},"end":{"line":123,"column":7}},"loc":{"start":{"line":123,"column":42},"end":{"line":139,"column":3}}},"6":{"name":"(anonymous_19)","decl":{"start":{"line":141,"column":2},"end":{"line":141,"column":7}},"loc":{"start":{"line":141,"column":29},"end":{"line":144,"column":3}}},"7":{"name":"(anonymous_20)","decl":{"start":{"line":146,"column":2},"end":{"line":146,"column":7}},"loc":{"start":{"line":146,"column":33},"end":{"line":151,"column":3}}}},"branchMap":{"0":{"loc":{"start":{"line":24,"column":4},"end":{"line":24,"column":70}},"type":"if","locations":[{"start":{"line":24,"column":4},"end":{"line":24,"column":70}},{"start":{},"end":{}}]},"1":{"loc":{"start":{"line":27,"column":4},"end":{"line":27,"column":73}},"type":"if","locations":[{"start":{"line":27,"column":4},"end":{"line":27,"column":73}},{"start":{},"end":{}}]},"2":{"loc":{"start":{"line":29,"column":4},"end":{"line":29,"column":80}},"type":"if","locations":[{"start":{"line":29,"column":4},"end":{"line":29,"column":80}},{"start":{},"end":{}}]},"3":{"loc":{"start":{"line":56,"column":4},"end":{"line":56,"column":89}},"type":"if","locations":[{"start":{"line":56,"column":4},"end":{"line":56,"column":89}},{"start":{},"end":{}}]},"4":{"loc":{"start":{"line":84,"column":20},"end":{"line":84,"column":42}},"type":"binary-expr","locations":[{"start":{"line":84,"column":20},"end":{"line":84,"column":34}},{"start":{"line":84,"column":38},"end":{"line":84,"column":42}}]},"5":{"loc":{"start":{"line":105,"column":4},"end":{"line":105,"column":89}},"type":"if","locations":[{"start":{"line":105,"column":4},"end":{"line":105,"column":89}},{"start":{},"end":{}}]},"6":{"loc":{"start":{"line":128,"column":6},"end":{"line":130,"column":7}},"type":"if","locations":[{"start":{"line":128,"column":6},"end":{"line":130,"column":7}},{"start":{},"end":{}}]},"7":{"loc":{"start":{"line":128,"column":10},"end":{"line":128,"column":45}},"type":"binary-expr","locations":[{"start":{"line":128,"column":10},"end":{"line":128,"column":15}},{"start":{"line":128,"column":19},"end":{"line":128,"column":45}}]},"8":{"loc":{"start":{"line":133,"column":6},"end":{"line":133,"column":81}},"type":"if","locations":[{"start":{"line":133,"column":6},"end":{"line":133,"column":81}},{"start":{},"end":{}}]},"9":{"loc":{"start":{"line":148,"column":4},"end":{"line":148,"column":61}},"type":"if","locations":[{"start":{"line":148,"column":4},"end":{"line":148,"column":61}},{"start":{},"end":{}}]},"10":{"loc":{"start":{"line":13,"column":46},"end":{"line":13,"column":62}},"type":"cond-expr","locations":[{"start":{"line":13,"column":56},"end":{"line":13,"column":62}},{"start":{"line":13,"column":56},"end":{"line":13,"column":62}}]},"11":{"loc":{"start":{"line":13,"column":46},"end":{"line":13,"column":56}},"type":"binary-expr","locations":[{"start":{"line":13,"column":46},"end":{"line":13,"column":62}},{"start":{"line":13,"column":46},"end":{"line":13,"column":56}}]},"12":{"loc":{"start":{"line":13,"column":56},"end":{"line":14,"column":null}},"type":"cond-expr","locations":[{"start":{"line":14,"column":34},"end":{"line":14,"column":null}},{"start":{"line":14,"column":34},"end":{"line":14,"column":null}}]},"13":{"loc":{"start":{"line":13,"column":56},"end":{"line":14,"column":34}},"type":"binary-expr","locations":[{"start":{"line":13,"column":56},"end":{"line":14,"column":null}},{"start":{"line":14,"column":24},"end":{"line":14,"column":34}}]}},"s":{"0":0,"1":0,"2":0,"3":0,"4":0,"5":0,"6":0,"7":0,"8":0,"9":0,"10":0,"11":0,"12":0,"13":0,"14":0,"15":0,"16":0,"17":0,"18":0,"19":0,"20":0,"21":0,"22":0,"23":0,"24":0,"25":0,"26":0,"27":0,"28":0,"29":0,"30":0,"31":0,"32":0,"33":0,"34":0,"35":0,"36":0,"37":0,"38":0,"39":0,"40":0,"41":0,"42":0,"43":0,"44":0,"45":0,"46":0,"47":0,"48":0,"49":0,"50":0,"51":0,"52":0,"53":0,"54":0,"55":0,"56":0,"57":0,"58":0,"59":0,"60":0,"61":0,"62":0,"63":0,"64":0,"65":0,"66":0,"67":0},"f":{"0":0,"1":0,"2":0,"3":0,"4":0,"5":0,"6":0,"7":0},"b":{"0":[0,0],"1":[0,0],"2":[0,0],"3":[0,0],"4":[0,0],"5":[0,0],"6":[0,0],"7":[0,0],"8":[0,0],"9":[0,0],"10":[0,0],"11":[0,0],"12":[0,0],"13":[0,0]}}
,"D:\\jig clg\\Projects\\vikas-inventory-rn\\Backend\\src\\auth\\jwt-auth.guard.ts": {"path":"D:\\jig clg\\Projects\\vikas-inventory-rn\\Backend\\src\\auth\\jwt-auth.guard.ts","statementMap":{"0":{"start":{"line":1,"column":0},"end":{"line":1,"column":44}},"1":{"start":{"line":2,"column":0},"end":{"line":2,"column":45}},"2":{"start":{"line":5,"column":7},"end":{"line":5,"column":null}},"3":{"start":{"line":5,"column":13},"end":{"line":5,"column":25}},"4":{"start":{"line":5,"column":13},"end":{"line":5,"column":null}}},"fnMap":{},"branchMap":{},"s":{"0":0,"1":0,"2":0,"3":0,"4":0},"f":{},"b":{}}
,"D:\\jig clg\\Projects\\vikas-inventory-rn\\Backend\\src\\auth\\jwt.strategy.ts": {"path":"D:\\jig clg\\Projects\\vikas-inventory-rn\\Backend\\src\\auth\\jwt.strategy.ts","statementMap":{"0":{"start":{"line":1,"column":0},"end":{"line":1,"column":67}},"1":{"start":{"line":2,"column":0},"end":{"line":2,"column":52}},"2":{"start":{"line":3,"column":0},"end":{"line":3,"column":52}},"3":{"start":{"line":4,"column":0},"end":{"line":4,"column":47}},"4":{"start":{"line":7,"column":7},"end":{"line":19,"column":null}},"5":{"start":{"line":9,"column":4},"end":{"line":13,"column":7}},"6":{"start":{"line":8,"column":22},"end":{"line":8,"column":37}},"7":{"start":{"line":17,"column":4},"end":{"line":17,"column":117}},"8":{"start":{"line":7,"column":13},"end":{"line":7,"column":24}},"9":{"start":{"line":7,"column":13},"end":{"line":19,"column":null}}},"fnMap":{"0":{"name":"(anonymous_2)","decl":{"start":{"line":8,"column":2},"end":{"line":8,"column":22}},"loc":{"start":{"line":8,"column":50},"end":{"line":14,"column":3}}},"1":{"name":"(anonymous_3)","decl":{"start":{"line":16,"column":2},"end":{"line":16,"column":7}},"loc":{"start":{"line":16,"column":29},"end":{"line":18,"column":3}}}},"branchMap":{"0":{"loc":{"start":{"line":8,"column":37},"end":{"line":8,"column":null}},"type":"cond-expr","locations":[{"start":{"line":8,"column":50},"end":{"line":8,"column":null}},{"start":{"line":8,"column":50},"end":{"line":8,"column":null}}]},"1":{"loc":{"start":{"line":8,"column":37},"end":{"line":8,"column":50}},"type":"binary-expr","locations":[{"start":{"line":8,"column":37},"end":{"line":8,"column":null}},{"start":{"line":8,"column":37},"end":{"line":8,"column":50}}]}},"s":{"0":0,"1":0,"2":0,"3":0,"4":0,"5":0,"6":0,"7":0,"8":0,"9":0},"f":{"0":0,"1":0},"b":{"0":[0,0],"1":[0,0]}}
,"D:\\jig clg\\Projects\\vikas-inventory-rn\\Backend\\src\\auth\\dto\\login.dto.ts": {"path":"D:\\jig clg\\Projects\\vikas-inventory-rn\\Backend\\src\\auth\\dto\\login.dto.ts","statementMap":{"0":{"start":{"line":1,"column":0},"end":{"line":1,"column":75}},"1":{"start":{"line":3,"column":0},"end":{"line":3,"column":13}},"2":{"start":{"line":6,"column":2},"end":{"line":6,"column":null}},"3":{"start":{"line":11,"column":2},"end":{"line":11,"column":null}}},"fnMap":{},"branchMap":{},"s":{"0":0,"1":0,"2":0,"3":0},"f":{},"b":{}}
,"D:\\jig clg\\Projects\\vikas-inventory-rn\\Backend\\src\\auth\\dto\\refresh-token.dto.ts": {"path":"D:\\jig clg\\Projects\\vikas-inventory-rn\\Backend\\src\\auth\\dto\\refresh-token.dto.ts","statementMap":{"0":{"start":{"line":1,"column":0},"end":{"line":1,"column":55}},"1":{"start":{"line":3,"column":0},"end":{"line":3,"column":13}},"2":{"start":{"line":6,"column":2},"end":{"line":6,"column":null}}},"fnMap":{},"branchMap":{},"s":{"0":0,"1":0,"2":0},"f":{},"b":{}}
,"D:\\jig clg\\Projects\\vikas-inventory-rn\\Backend\\src\\auth\\dto\\register-distributor.dto.ts": {"path":"D:\\jig clg\\Projects\\vikas-inventory-rn\\Backend\\src\\auth\\dto\\register-distributor.dto.ts","statementMap":{"0":{"start":{"line":1,"column":0},"end":{"line":1,"column":87}},"1":{"start":{"line":3,"column":0},"end":{"line":3,"column":13}},"2":{"start":{"line":6,"column":2},"end":{"line":6,"column":null}},"3":{"start":{"line":9,"column":2},"end":{"line":9,"column":null}},"4":{"start":{"line":13,"column":2},"end":{"line":13,"column":null}},"5":{"start":{"line":18,"column":2},"end":{"line":18,"column":null}},"6":{"start":{"line":22,"column":2},"end":{"line":22,"column":null}},"7":{"start":{"line":26,"column":2},"end":{"line":26,"column":null}}},"fnMap":{},"branchMap":{},"s":{"0":0,"1":0,"2":0,"3":0,"4":0,"5":0,"6":0,"7":0},"f":{},"b":{}}
,"D:\\jig clg\\Projects\\vikas-inventory-rn\\Backend\\src\\auth\\dto\\register-salesman.dto.ts": {"path":"D:\\jig clg\\Projects\\vikas-inventory-rn\\Backend\\src\\auth\\dto\\register-salesman.dto.ts","statementMap":{"0":{"start":{"line":1,"column":0},"end":{"line":1,"column":83}},"1":{"start":{"line":3,"column":0},"end":{"line":3,"column":13}},"2":{"start":{"line":6,"column":2},"end":{"line":6,"column":null}},"3":{"start":{"line":9,"column":2},"end":{"line":9,"column":null}},"4":{"start":{"line":13,"column":2},"end":{"line":13,"column":null}},"5":{"start":{"line":18,"column":2},"end":{"line":18,"column":null}},"6":{"start":{"line":22,"column":2},"end":{"line":22,"column":null}}},"fnMap":{},"branchMap":{},"s":{"0":0,"1":0,"2":0,"3":0,"4":0,"5":0,"6":0},"f":{},"b":{}}
,"D:\\jig clg\\Projects\\vikas-inventory-rn\\Backend\\src\\background-job\\background-job.entity.ts": {"path":"D:\\jig clg\\Projects\\vikas-inventory-rn\\Backend\\src\\background-job\\background-job.entity.ts","statementMap":{"0":{"start":{"line":1,"column":0},"end":{"line":1,"column":83}},"1":{"start":{"line":4,"column":7},"end":{"line":40,"column":null}},"2":{"start":{"line":4,"column":13},"end":{"line":4,"column":26}},"3":{"start":{"line":6,"column":2},"end":{"line":6,"column":null}},"4":{"start":{"line":9,"column":2},"end":{"line":9,"column":null}},"5":{"start":{"line":12,"column":2},"end":{"line":12,"column":null}},"6":{"start":{"line":15,"column":2},"end":{"line":15,"column":null}},"7":{"start":{"line":18,"column":2},"end":{"line":18,"column":null}},"8":{"start":{"line":21,"column":2},"end":{"line":21,"column":null}},"9":{"start":{"line":24,"column":2},"end":{"line":24,"column":null}},"10":{"start":{"line":23,"column":46},"end":{"line":23,"column":65}},"11":{"start":{"line":27,"column":2},"end":{"line":27,"column":null}},"12":{"start":{"line":30,"column":2},"end":{"line":30,"column":null}},"13":{"start":{"line":33,"column":2},"end":{"line":33,"column":null}},"14":{"start":{"line":36,"column":2},"end":{"line":36,"column":null}},"15":{"start":{"line":39,"column":2},"end":{"line":39,"column":null}},"16":{"start":{"line":4,"column":13},"end":{"line":40,"column":null}}},"fnMap":{"0":{"name":"(anonymous_2)","decl":{"start":{"line":23,"column":40},"end":{"line":23,"column":43}},"loc":{"start":{"line":23,"column":46},"end":{"line":23,"column":65}}}},"branchMap":{"0":{"loc":{"start":{"line":24,"column":16},"end":{"line":24,"column":21}},"type":"cond-expr","locations":[{"start":{"line":24,"column":20},"end":{"line":24,"column":21}},{"start":{"line":24,"column":20},"end":{"line":24,"column":21}}]},"1":{"loc":{"start":{"line":24,"column":16},"end":{"line":24,"column":20}},"type":"binary-expr","locations":[{"start":{"line":24,"column":16},"end":{"line":24,"column":21}},{"start":{"line":24,"column":16},"end":{"line":24,"column":20}}]},"2":{"loc":{"start":{"line":27,"column":14},"end":{"line":27,"column":19}},"type":"cond-expr","locations":[{"start":{"line":27,"column":18},"end":{"line":27,"column":19}},{"start":{"line":27,"column":18},"end":{"line":27,"column":19}}]},"3":{"loc":{"start":{"line":27,"column":14},"end":{"line":27,"column":18}},"type":"binary-expr","locations":[{"start":{"line":27,"column":14},"end":{"line":27,"column":19}},{"start":{"line":27,"column":14},"end":{"line":27,"column":18}}]},"4":{"loc":{"start":{"line":30,"column":16},"end":{"line":30,"column":21}},"type":"cond-expr","locations":[{"start":{"line":30,"column":20},"end":{"line":30,"column":21}},{"start":{"line":30,"column":20},"end":{"line":30,"column":21}}]},"5":{"loc":{"start":{"line":30,"column":16},"end":{"line":30,"column":20}},"type":"binary-expr","locations":[{"start":{"line":30,"column":16},"end":{"line":30,"column":21}},{"start":{"line":30,"column":16},"end":{"line":30,"column":20}}]},"6":{"loc":{"start":{"line":33,"column":13},"end":{"line":33,"column":18}},"type":"cond-expr","locations":[{"start":{"line":33,"column":17},"end":{"line":33,"column":18}},{"start":{"line":33,"column":17},"end":{"line":33,"column":18}}]},"7":{"loc":{"start":{"line":33,"column":13},"end":{"line":33,"column":17}},"type":"binary-expr","locations":[{"start":{"line":33,"column":13},"end":{"line":33,"column":18}},{"start":{"line":33,"column":13},"end":{"line":33,"column":17}}]},"8":{"loc":{"start":{"line":39,"column":14},"end":{"line":39,"column":19}},"type":"cond-expr","locations":[{"start":{"line":39,"column":18},"end":{"line":39,"column":19}},{"start":{"line":39,"column":18},"end":{"line":39,"column":19}}]},"9":{"loc":{"start":{"line":39,"column":14},"end":{"line":39,"column":18}},"type":"binary-expr","locations":[{"start":{"line":39,"column":14},"end":{"line":39,"column":19}},{"start":{"line":39,"column":14},"end":{"line":39,"column":18}}]}},"s":{"0":0,"1":0,"2":0,"3":0,"4":0,"5":0,"6":0,"7":0,"8":0,"9":0,"10":0,"11":0,"12":0,"13":0,"14":0,"15":0,"16":0},"f":{"0":0},"b":{"0":[0,0],"1":[0,0],"2":[0,0],"3":[0,0],"4":[0,0],"5":[0,0],"6":[0,0],"7":[0,0],"8":[0,0],"9":[0,0]}}
,"D:\\jig clg\\Projects\\vikas-inventory-rn\\Backend\\src\\background-job\\background-job.module.ts": {"path":"D:\\jig clg\\Projects\\vikas-inventory-rn\\Backend\\src\\background-job\\background-job.module.ts","statementMap":{"0":{"start":{"line":1,"column":0},"end":{"line":1,"column":40}},"1":{"start":{"line":2,"column":0},"end":{"line":2,"column":48}},"2":{"start":{"line":3,"column":0},"end":{"line":3,"column":64}},"3":{"start":{"line":4,"column":0},"end":{"line":4,"column":56}},"4":{"start":{"line":11,"column":7},"end":{"line":11,"column":null}},"5":{"start":{"line":11,"column":13},"end":{"line":11,"column":32}},"6":{"start":{"line":11,"column":13},"end":{"line":11,"column":null}}},"fnMap":{},"branchMap":{},"s":{"0":0,"1":0,"2":0,"3":0,"4":0,"5":0,"6":0},"f":{},"b":{}}
,"D:\\jig clg\\Projects\\vikas-inventory-rn\\Backend\\src\\background-job\\background-job.service.ts": {"path":"D:\\jig clg\\Projects\\vikas-inventory-rn\\Backend\\src\\background-job\\background-job.service.ts","statementMap":{"0":{"start":{"line":1,"column":0},"end":{"line":1,"column":52}},"1":{"start":{"line":2,"column":0},"end":{"line":2,"column":56}},"2":{"start":{"line":3,"column":0},"end":{"line":3,"column":51}},"3":{"start":{"line":4,"column":0},"end":{"line":4,"column":37}},"4":{"start":{"line":5,"column":0},"end":{"line":5,"column":56}},"5":{"start":{"line":8,"column":33},"end":{"line":54,"column":null}},"6":{"start":{"line":9,"column":28},"end":{"line":9,"column":65}},"7":{"start":{"line":12,"column":45},"end":{"line":12,"column":54}},"8":{"start":{"line":17,"column":4},"end":{"line":17,"column":75}},"9":{"start":{"line":19,"column":24},"end":{"line":22,"column":6}},"10":{"start":{"line":24,"column":4},"end":{"line":43,"column":5}},"11":{"start":{"line":25,"column":6},"end":{"line":42,"column":7}},"12":{"start":{"line":26,"column":8},"end":{"line":26,"column":34}},"13":{"start":{"line":27,"column":8},"end":{"line":27,"column":36}},"14":{"start":{"line":28,"column":8},"end":{"line":28,"column":26}},"15":{"start":{"line":29,"column":8},"end":{"line":29,"column":37}},"16":{"start":{"line":32,"column":8},"end":{"line":32,"column":71}},"17":{"start":{"line":34,"column":8},"end":{"line":34,"column":33}},"18":{"start":{"line":35,"column":8},"end":{"line":35,"column":38}},"19":{"start":{"line":36,"column":8},"end":{"line":36,"column":37}},"20":{"start":{"line":38,"column":8},"end":{"line":38,"column":77}},"21":{"start":{"line":39,"column":8},"end":{"line":39,"column":40}},"22":{"start":{"line":40,"column":8},"end":{"line":40,"column":64}},"23":{"start":{"line":40,"column":37},"end":{"line":40,"column":64}},"24":{"start":{"line":41,"column":8},"end":{"line":41,"column":37}},"25":{"start":{"line":47,"column":16},"end":{"line":51,"column":6}},"26":{"start":{"line":52,"column":4},"end":{"line":52,"column":34}},"27":{"start":{"line":8,"column":13},"end":{"line":8,"column":33}},"28":{"start":{"line":16,"column":8},"end":{"line":44,"column":null}},"29":{"start":{"line":8,"column":13},"end":{"line":54,"column":null}}},"fnMap":{"0":{"name":"(anonymous_4)","decl":{"start":{"line":11,"column":2},"end":{"line":11,"column":null}},"loc":{"start":{"line":12,"column":79},"end":{"line":13,"column":6}}},"1":{"name":"(anonymous_5)","decl":{"start":{"line":16,"column":8},"end":{"line":16,"column":26}},"loc":{"start":{"line":16,"column":26},"end":{"line":44,"column":3}}},"2":{"name":"(anonymous_6)","decl":{"start":{"line":46,"column":2},"end":{"line":46,"column":7}},"loc":{"start":{"line":46,"column":48},"end":{"line":53,"column":3}}}},"branchMap":{"0":{"loc":{"start":{"line":38,"column":21},"end":{"line":38,"column":76}},"type":"cond-expr","locations":[{"start":{"line":38,"column":56},"end":{"line":38,"column":64}},{"start":{"line":38,"column":67},"end":{"line":38,"column":76}}]},"1":{"loc":{"start":{"line":40,"column":8},"end":{"line":40,"column":64}},"type":"if","locations":[{"start":{"line":40,"column":8},"end":{"line":40,"column":64}},{"start":{},"end":{}}]},"2":{"loc":{"start":{"line":12,"column":54},"end":{"line":12,"column":79}},"type":"cond-expr","locations":[{"start":{"line":12,"column":64},"end":{"line":12,"column":79}},{"start":{"line":12,"column":64},"end":{"line":12,"column":79}}]},"3":{"loc":{"start":{"line":12,"column":54},"end":{"line":12,"column":64}},"type":"binary-expr","locations":[{"start":{"line":12,"column":54},"end":{"line":12,"column":79}},{"start":{"line":12,"column":54},"end":{"line":12,"column":64}}]}},"s":{"0":0,"1":0,"2":0,"3":0,"4":0,"5":0,"6":0,"7":0,"8":0,"9":0,"10":0,"11":0,"12":0,"13":0,"14":0,"15":0,"16":0,"17":0,"18":0,"19":0,"20":0,"21":0,"22":0,"23":0,"24":0,"25":0,"26":0,"27":0,"28":0,"29":0},"f":{"0":0,"1":0,"2":0},"b":{"0":[0,0],"1":[0,0],"2":[0,0],"3":[0,0]}}
,"D:\\jig clg\\Projects\\vikas-inventory-rn\\Backend\\src\\backorder\\backorder.entity.ts": {"path":"D:\\jig clg\\Projects\\vikas-inventory-rn\\Backend\\src\\backorder\\backorder.entity.ts","statementMap":{"0":{"start":{"line":1,"column":0},"end":{"line":1,"column":101}},"1":{"start":{"line":4,"column":7},"end":{"line":37,"column":null}},"2":{"start":{"line":4,"column":13},"end":{"line":4,"column":22}},"3":{"start":{"line":6,"column":2},"end":{"line":6,"column":null}},"4":{"start":{"line":9,"column":2},"end":{"line":9,"column":null}},"5":{"start":{"line":12,"column":2},"end":{"line":12,"column":null}},"6":{"start":{"line":15,"column":2},"end":{"line":15,"column":null}},"7":{"start":{"line":18,"column":2},"end":{"line":18,"column":null}},"8":{"start":{"line":21,"column":2},"end":{"line":21,"column":null}},"9":{"start":{"line":24,"column":2},"end":{"line":24,"column":null}},"10":{"start":{"line":27,"column":2},"end":{"line":27,"column":null}},"11":{"start":{"line":30,"column":2},"end":{"line":30,"column":null}},"12":{"start":{"line":33,"column":2},"end":{"line":33,"column":null}},"13":{"start":{"line":36,"column":2},"end":{"line":36,"column":null}},"14":{"start":{"line":4,"column":13},"end":{"line":37,"column":null}}},"fnMap":{},"branchMap":{"0":{"loc":{"start":{"line":30,"column":15},"end":{"line":30,"column":20}},"type":"cond-expr","locations":[{"start":{"line":30,"column":19},"end":{"line":30,"column":20}},{"start":{"line":30,"column":19},"end":{"line":30,"column":20}}]},"1":{"loc":{"start":{"line":30,"column":15},"end":{"line":30,"column":19}},"type":"binary-expr","locations":[{"start":{"line":30,"column":15},"end":{"line":30,"column":20}},{"start":{"line":30,"column":15},"end":{"line":30,"column":19}}]},"2":{"loc":{"start":{"line":33,"column":14},"end":{"line":33,"column":19}},"type":"cond-expr","locations":[{"start":{"line":33,"column":18},"end":{"line":33,"column":19}},{"start":{"line":33,"column":18},"end":{"line":33,"column":19}}]},"3":{"loc":{"start":{"line":33,"column":14},"end":{"line":33,"column":18}},"type":"binary-expr","locations":[{"start":{"line":33,"column":14},"end":{"line":33,"column":19}},{"start":{"line":33,"column":14},"end":{"line":33,"column":18}}]},"4":{"loc":{"start":{"line":36,"column":14},"end":{"line":36,"column":19}},"type":"cond-expr","locations":[{"start":{"line":36,"column":18},"end":{"line":36,"column":19}},{"start":{"line":36,"column":18},"end":{"line":36,"column":19}}]},"5":{"loc":{"start":{"line":36,"column":14},"end":{"line":36,"column":18}},"type":"binary-expr","locations":[{"start":{"line":36,"column":14},"end":{"line":36,"column":19}},{"start":{"line":36,"column":14},"end":{"line":36,"column":18}}]}},"s":{"0":0,"1":0,"2":0,"3":0,"4":0,"5":0,"6":0,"7":0,"8":0,"9":0,"10":0,"11":0,"12":0,"13":0,"14":0},"f":{},"b":{"0":[0,0],"1":[0,0],"2":[0,0],"3":[0,0],"4":[0,0],"5":[0,0]}}
,"D:\\jig clg\\Projects\\vikas-inventory-rn\\Backend\\src\\backorder\\backorder.module.ts": {"path":"D:\\jig clg\\Projects\\vikas-inventory-rn\\Backend\\src\\backorder\\backorder.module.ts","statementMap":{"0":{"start":{"line":1,"column":0},"end":{"line":1,"column":40}},"1":{"start":{"line":4,"column":7},"end":{"line":4,"column":null}},"2":{"start":{"line":4,"column":13},"end":{"line":4,"column":28}},"3":{"start":{"line":4,"column":13},"end":{"line":4,"column":null}}},"fnMap":{},"branchMap":{},"s":{"0":0,"1":0,"2":0,"3":0},"f":{},"b":{}}
,"D:\\jig clg\\Projects\\vikas-inventory-rn\\Backend\\src\\billing\\billing.module.ts": {"path":"D:\\jig clg\\Projects\\vikas-inventory-rn\\Backend\\src\\billing\\billing.module.ts","statementMap":{"0":{"start":{"line":1,"column":0},"end":{"line":1,"column":40}},"1":{"start":{"line":4,"column":7},"end":{"line":4,"column":null}},"2":{"start":{"line":4,"column":13},"end":{"line":4,"column":26}},"3":{"start":{"line":4,"column":13},"end":{"line":4,"column":null}}},"fnMap":{},"branchMap":{},"s":{"0":0,"1":0,"2":0,"3":0},"f":{},"b":{}}
[...]
}},"16":{"start":{"line":22,"column":12},"end":{"line":22,"column":24}},"17":{"start":{"line":23,"column":12},"end":{"line":23,"column":29}},"18":{"start":{"line":24,"column":12},"end":{"line":24,"column":27}},"19":{"start":{"line":28,"column":4},"end":{"line":31,"column":5}},"20":{"start":{"line":29,"column":23},"end":{"line":29,"column":101}},"21":{"start":{"line":30,"column":6},"end":{"line":30,"column":36}},"22":{"start":{"line":30,"column":20},"end":{"line":30,"column":36}},"23":{"start":{"line":33,"column":21},"end":{"line":33,"column":84}},"24":{"start":{"line":34,"column":4},"end":{"line":34,"column":78}},"25":{"start":{"line":34,"column":19},"end":{"line":34,"column":78}},"26":{"start":{"line":35,"column":4},"end":{"line":35,"column":106}},"27":{"start":{"line":35,"column":49},"end":{"line":35,"column":106}},"28":{"start":{"line":37,"column":24},"end":{"line":37,"column":95}},"29":{"start":{"line":38,"column":4},"end":{"line":40,"column":5}},"30":{"start":{"line":39,"column":6},"end":{"line":39,"column":64}},"31":{"start":{"line":42,"column":18},"end":{"line":45,"column":6}},"32":{"start":{"line":47,"column":24},"end":{"line":47,"column":59}},"33":{"start":{"line":48,"column":4},"end":{"line":48,"column":32}},"34":{"start":{"line":49,"column":4},"end":{"line":49,"column":41}},"35":{"start":{"line":53,"column":4},"end":{"line":102,"column":5}},"36":{"start":{"line":54,"column":18},"end":{"line":54,"column":28}},"37":{"start":{"line":56,"column":17},"end":{"line":64,"column":8}},"38":{"start":{"line":65,"column":6},"end":{"line":65,"column":51}},"39":{"start":{"line":67,"column":21},"end":{"line":75,"column":8}},"40":{"start":{"line":76,"column":6},"end":{"line":76,"column":45}},"41":{"start":{"line":78,"column":19},"end":{"line":78,"column":109}},"42":{"start":{"line":79,"column":6},"end":{"line":81,"column":7}},"43":{"start":{"line":80,"column":8},"end":{"line":80,"column":90}},"44":{"start":{"line":82,"column":6},"end":{"line":82,"column":54}},"45":{"start":{"line":83,"column":6},"end":{"line":83,"column":41}},"46":{"start":{"line":84,"column":6},"end":{"line":84,"column":30}},"47":{"start":{"line":85,"column":6},"end":{"line":85,"column":39}},"48":{"start":{"line":86,"column":6},"end":{"line":86,"column":35}},"49":{"start":{"line":87,"column":6},"end":{"line":87,"column":45}},"50":{"start":{"line":89,"column":6},"end":{"line":91,"column":9}},"51":{"start":{"line":93,"column":6},"end":{"line":93,"column":44}},"52":{"start":{"line":95,"column":6},"end":{"line":95,"column":46}},"53":{"start":{"line":96,"column":6},"end":{"line":98,"column":7}},"54":{"start":{"line":97,"column":8},"end":{"line":97,"column":107}},"55":{"start":{"line":99,"column":6},"end":{"line":99,"column":18}},"56":{"start":{"line":101,"column":6},"end":{"line":101,"column":34}},"57":{"start":{"line":104,"column":4},"end":{"line":108,"column":7}},"58":{"start":{"line":110,"column":4},"end":{"line":110,"column":19}},"59":{"start":{"line":114,"column":4},"end":{"line":117,"column":5}},"60":{"start":{"line":115,"column":23},"end":{"line":115,"column":101}},"61":{"start":{"line":116,"column":6},"end":{"line":116,"column":36}},"62":{"start":{"line":116,"column":20},"end":{"line":116,"column":36}},"63":{"start":{"line":119,"column":21},"end":{"line":119,"column":84}},"64":{"start":{"line":120,"column":4},"end":{"line":120,"column":79}},"65":{"start":{"line":120,"column":19},"end":{"line":120,"column":79}},"66":{"start":{"line":121,"column":4},"end":{"line":121,"column":106}},"67":{"start":{"line":121,"column":49},"end":{"line":121,"column":106}},"68":{"start":{"line":123,"column":18},"end":{"line":126,"column":6}},"69":{"start":{"line":128,"column":24},"end":{"line":128,"column":59}},"70":{"start":{"line":129,"column":4},"end":{"line":129,"column":32}},"71":{"start":{"line":130,"column":4},"end":{"line":130,"column":41}},"72":{"start":{"line":134,"column":4},"end":{"line":183,"column":5}},"73":{"start":{"line":135,"column":23},"end":{"line":138,"column":8}},"74":{"start":{"line":139,"column":6},"end":{"line":139,"column":96}},"75":{"start":{"line":139,"column":21},"end":{"line":139,"column":96}},"76":{"start":{"line":141,"column":18},"end":{"line":141,"column":28}},"77":{"start":{"line":143,"column":6},"end":{"line":143,"column":34}},"78":{"start":{"line":144,"column":6},"end":{"line":144,"column":42}},"79":{"start":{"line":145,"column":6},"end":{"line":145,"column":36}},"80":{"start":{"line":146,"column":6},"end":{"line":146,"column":60}},"81":{"start":{"line":146,"column":25},"end":{"line":146,"column":60}},"82":{"start":{"line":147,"column":6},"end":{"line":147,"column":78}},"83":{"start":{"line":147,"column":31},"end":{"line":147,"column":78}},"84":{"start":{"line":149,"column":6},"end":{"line":149,"column":57}},"85":{"start":{"line":151,"column":21},"end":{"line":159,"column":8}},"86":{"start":{"line":160,"column":6},"end":{"line":160,"column":45}},"87":{"start":{"line":162,"column":21},"end":{"line":162,"column":111}},"88":{"start":{"line":163,"column":6},"end":{"line":168,"column":7}},"89":{"start":{"line":164,"column":8},"end":{"line":164,"column":32}},"90":{"start":{"line":165,"column":8},"end":{"line":165,"column":42}},"91":{"start":{"line":166,"column":8},"end":{"line":166,"column":37}},"92":{"start":{"line":167,"column":8},"end":{"line":167,"column":47}},"93":{"start":{"line":170,"column":6},"end":{"line":172,"column":9}},"94":{"start":{"line":174,"column":6},"end":{"line":174,"column":44}},"95":{"start":{"line":176,"column":6},"end":{"line":176,"column":46}},"96":{"start":{"line":177,"column":6},"end":{"line":179,"column":7}},"97":{"start":{"line":178,"column":8},"end":{"line":178,"column":61}},"98":{"start":{"line":180,"column":6},"end":{"line":180,"column":18}},"99":{"start":{"line":182,"column":6},"end":{"line":182,"column":34}},"100":{"start":{"line":185,"column":24},"end":{"line":185,"column":95}},"101":{"start":{"line":186,"column":4},"end":{"line":192,"column":5}},"102":{"start":{"line":187,"column":6},"end":{"line":191,"column":9}},"103":{"start":{"line":194,"column":4},"end":{"line":194,"column":19}},"104":{"start":{"line":198,"column":4},"end":{"line":214,"column":5}},"105":{"start":{"line":199,"column":23},"end":{"line":199,"column":86}},"106":{"start":{"line":200,"column":6},"end":{"line":200,"column":31}},"107":{"start":{"line":200,"column":21},"end":{"line":200,"column":31}},"108":{"start":{"line":201,"column":6},"end":{"line":201,"column":103}},"109":{"start":{"line":202,"column":11},"end":{"line":214,"column":5}},"110":{"start":{"line":203,"column":19},"end":{"line":203,"column":78}},"111":{"start":{"line":204,"column":6},"end":{"line":204,"column":27}},"112":{"start":{"line":204,"column":17},"end":{"line":204,"column":27}},"113":{"start":{"line":205,"column":6},"end":{"line":205,"column":102}},"114":{"start":{"line":206,"column":11},"end":{"line":214,"column":5}},"115":{"start":{"line":207,"column":6},"end":{"line":207,"column":88}},"116":{"start":{"line":207,"column":78},"end":{"line":207,"column":88}},"117":{"start":{"line":208,"column":6},"end":{"line":211,"column":19}},"118":{"start":{"line":212,"column":11},"end":{"line":214,"column":5}},"119":{"start":{"line":213,"column":6},"end":{"line":213,"column":66}},"120":{"start":{"line":215,"column":4},"end":{"line":215,"column":14}},"121":{"start":{"line":15,"column":13},"end":{"line":15,"column":30}},"122":{"start":{"line":15,"column":13},"end":{"line":217,"column":null}}},"fnMap":{"0":{"name":"(anonymous_4)","decl":{"start":{"line":16,"column":2},"end":{"line":16,"column":null}},"loc":{"start":{"line":24,"column":43},"end":{"line":25,"column":6}}},"1":{"name":"(anonymous_5)","decl":{"start":{"line":27,"column":2},"end":{"line":27,"column":7}},"loc":{"start":{"line":27,"column":47},"end":{"line":111,"column":3}}},"2":{"name":"(anonymous_6)","decl":{"start":{"line":113,"column":2},"end":{"line":113,"column":7}},"loc":{"start":{"line":113,"column":49},"end":{"line":195,"column":3}}},"3":{"name":"(anonymous_7)","decl":{"start":{"line":197,"column":2},"end":{"line":197,"column":7}},"loc":{"start":{"line":197,"column":88},"end":{"line":216,"column":3}}}},"branchMap":{"0":{"loc":{"start":{"line":28,"column":4},"end":{"line":31,"column":5}},"type":"if","locations":[{"start":{"line":28,"column":4},"end":{"line":31,"column":5}},{"start":{},"end":{}}]},"1":{"loc":{"start":{"line":30,"column":6},"end":{"line":30,"column":36}},"type":"if","locations":[{"start":{"line":30,"column":6},"end":{"line":30,"column":36}},{"start":{},"end":{}}]},"2":{"loc":{"start":{"line":34,"column":4},"end":{"line":34,"column":78}},"type":"if","locations":[{"start":{"line":34,"column":4},"end":{"line":34,"column":78}},{"start":{},"end":{}}]},"3":{"loc":{"start":{"line":35,"column":4},"end":{"line":35,"column":106}},"type":"if","locations":[{"start":{"line":35,"column":4},"end":{"line":35,"column":106}},{"start":{},"end":{}}]},"4":{"loc":{"start":{"line":38,"column":4},"end":{"line":40,"column":5}},"type":"if","locations":[{"start":{"line":38,"column":4},"end":{"line":40,"column":5}},{"start":{},"end":{}}]},"5":{"loc":{"start":{"line":38,"column":8},"end":{"line":38,"column":92}},"type":"binary-expr","locations":[{"start":{"line":38,"column":8},"end":{"line":38,"column":20}},{"start":{"line":38,"column":24},"end":{"line":38,"column":66}},{"start":{"line":38,"column":70},"end":{"line":38,"column":92}}]},"6":{"loc":{"start":{"line":79,"column":6},"end":{"line":81,"column":7}},"type":"if","locations":[{"start":{"line":79,"column":6},"end":{"line":81,"column":7}},{"start":{},"end":{}}]},"7":{"loc":{"start":{"line":96,"column":6},"end":{"line":98,"column":7}},"type":"if","locations":[{"start":{"line":96,"column":6},"end":{"line":98,"column":7}},{"start":{},"end":{}}]},"8":{"loc":{"start":{"line":114,"column":4},"end":{"line":117,"column":5}},"type":"if","locations":[{"start":{"line":114,"column":4},"end":{"line":117,"column":5}},{"start":{},"end":{}}]},"9":{"loc":{"start":{"line":116,"column":6},"end":{"line":116,"column":36}},"type":"if","locations":[{"start":{"line":116,"column":6},"end":{"line":116,"column":36}},{"start":{},"end":{}}]},"10":{"loc":{"start":{"line":120,"column":4},"end":{"line":120,"column":79}},"type":"if","locations":[{"start":{"line":120,"column":4},"end":{"line":120,"column":79}},{"start":{},"end":{}}]},"11":{"loc":{"start":{"line":121,"column":4},"end":{"line":121,"column":106}},"type":"if","locations":[{"start":{"line":121,"column":4},"end":{"line":121,"column":106}},{"start":{},"end":{}}]},"12":{"loc":{"start":{"line":139,"column":6},"end":{"line":139,"column":96}},"type":"if","locations":[{"start":{"line":139,"column":6},"end":{"line":139,"column":96}},{"start":{},"end":{}}]},"13":{"loc":{"start":{"line":146,"column":6},"end":{"line":146,"column":60}},"type":"if","locations":[{"start":{"line":146,"column":6},"end":{"line":146,"column":60}},{"start":{},"end":{}}]},"14":{"loc":{"start":{"line":147,"column":6},"end":{"line":147,"column":78}},"type":"if","locations":[{"start":{"line":147,"column":6},"end":{"line":147,"column":78}},{"start":{},"end":{}}]},"15":{"loc":{"start":{"line":163,"column":6},"end":{"line":168,"column":7}},"type":"if","locations":[{"start":{"line":163,"column":6},"end":{"line":168,"column":7}},{"start":{},"end":{}}]},"16":{"loc":{"start":{"line":177,"column":6},"end":{"line":179,"column":7}},"type":"if","locations":[{"start":{"line":177,"column":6},"end":{"line":179,"column":7}},{"start":{},"end":{}}]},"17":{"loc":{"start":{"line":186,"column":4},"end":{"line":192,"column":5}},"type":"if","locations":[{"start":{"line":186,"column":4},"end":{"line":192,"column":5}},{"start":{},"end":{}}]},"18":{"loc":{"start":{"line":198,"column":4},"end":{"line":214,"column":5}},"type":"if","locations":[{"start":{"line":198,"column":4},"end":{"line":214,"column":5}},{"start":{"line":202,"column":11},"end":{"line":214,"column":5}}]},"19":{"loc":{"start":{"line":200,"column":6},"end":{"line":200,"column":31}},"type":"if","locations":[{"start":{"line":200,"column":6},"end":{"line":200,"column":31}},{"start":{},"end":{}}]},"20":{"loc":{"start":{"line":202,"column":11},"end":{"line":214,"column":5}},"type":"if","locations":[{"start":{"line":202,"column":11},"end":{"line":214,"column":5}},{"start":{"line":206,"column":11},"end":{"line":214,"column":5}}]},"21":{"loc":{"start":{"line":204,"column":6},"end":{"line":204,"column":27}},"type":"if","locations":[{"start":{"line":204,"column":6},"end":{"line":204,"column":27}},{"start":{},"end":{}}]},"22":{"loc":{"start":{"line":206,"column":11},"end":{"line":214,"column":5}},"type":"if","locations":[{"start":{"line":206,"column":11},"end":{"line":214,"column":5}},{"start":{"line":212,"column":11},"end":{"line":214,"column":5}}]},"23":{"loc":{"start":{"line":207,"column":6},"end":{"line":207,"column":88}},"type":"if","locations":[{"start":{"line":207,"column":6},"end":{"line":207,"column":88}},{"start":{},"end":{}}]},"24":{"loc":{"start":{"line":207,"column":10},"end":{"line":207,"column":76}},"type":"binary-expr","locations":[{"start":{"line":207,"column":10},"end":{"line":207,"column":35}},{"start":{"line":207,"column":39},"end":{"line":207,"column":76}}]},"25":{"loc":{"start":{"line":212,"column":11},"end":{"line":214,"column":5}},"type":"if","locations":[{"start":{"line":212,"column":11},"end":{"line":214,"column":5}},{"start":{},"end":{}}]},"26":{"loc":{"start":{"line":17,"column":50},"end":{"line":17,"column":72}},"type":"cond-expr","locations":[{"start":{"line":17,"column":60},"end":{"line":17,"column":72}},{"start":{"line":17,"column":60},"end":{"line":17,"column":72}}]},"27":{"loc":{"start":{"line":17,"column":50},"end":{"line":17,"column":60}},"type":"binary-expr","locations":[{"start":{"line":17,"column":50},"end":{"line":17,"column":72}},{"start":{"line":17,"column":50},"end":{"line":17,"column":60}}]},"28":{"loc":{"start":{"line":17,"column":60},"end":{"line":18,"column":78}},"type":"cond-expr","locations":[{"start":{"line":18,"column":65},"end":{"line":18,"column":78}},{"start":{"line":18,"column":65},"end":{"line":18,"column":78}}]},"29":{"loc":{"start":{"line":17,"column":60},"end":{"line":18,"column":65}},"type":"binary-expr","locations":[{"start":{"line":17,"column":60},"end":{"line":18,"column":78}},{"start":{"line":18,"column":55},"end":{"line":18,"column":65}}]},"30":{"loc":{"start":{"line":18,"column":65},"end":{"line":19,"column":87}},"type":"cond-expr","locations":[{"start":{"line":19,"column":71},"end":{"line":19,"column":87}},{"start":{"line":19,"column":71},"end":{"line":19,"column":87}}]},"31":{"loc":{"start":{"line":18,"column":65},"end":{"line":19,"column":71}},"type":"binary-expr","locations":[{"start":{"line":18,"column":65},"end":{"line":19,"column":87}},{"start":{"line":19,"column":61},"end":{"line":19,"column":71}}]},"32":{"loc":{"start":{"line":19,"column":71},"end":{"line":20,"column":74}},"type":"cond-expr","locations":[{"start":{"line":20,"column":64},"end":{"line":20,"column":74}},{"start":{"line":20,"column":64},"end":{"line":20,"column":74}}]},"33":{"loc":{"start":{"line":19,"column":71},"end":{"line":20,"column":64}},"type":"binary-expr","locations":[{"start":{"line":19,"column":71},"end":{"line":20,"column":74}},{"start":{"line":20,"column":54},"end":{"line":20,"column":64}}]},"34":{"loc":{"start":{"line":20,"column":64},"end":{"line":21,"column":76}},"type":"cond-expr","locations":[{"start":{"line":21,"column":63},"end":{"line":21,"column":76}},{"start":{"line":21,"column":63},"end":{"line":21,"column":76}}]},"35":{"loc":{"start":{"line":20,"column":64},"end":{"line":21,"column":63}},"type":"binary-expr","locations":[{"start":{"line":20,"column":64},"end":{"line":21,"column":76}},{"start":{"line":21,"column":53},"end":{"line":21,"column":63}}]},"36":{"loc":{"start":{"line":21,"column":63},"end":{"line":22,"column":null}},"type":"cond-expr","locations":[{"start":{"line":22,"column":34},"end":{"line":22,"column":null}},{"start":{"line":22,"column":34},"end":{"line":22,"column":null}}]},"37":{"loc":{"start":{"line":21,"column":63},"end":{"line":22,"column":34}},"type":"binary-expr","locations":[{"start":{"line":21,"column":63},"end":{"line":22,"column":null}},{"start":{"line":22,"column":24},"end":{"line":22,"column":34}}]},"38":{"loc":{"start":{"line":22,"column":34},"end":{"line":23,"column":null}},"type":"cond-expr","locations":[{"start":{"line":23,"column":44},"end":{"line":23,"column":null}},{"start":{"line":23,"column":44},"end":{"line":23,"column":null}}]},"39":{"loc":{"start":{"line":22,"column":34},"end":{"line":23,"column":44}},"type":"binary-expr","locations":[{"start":{"line":22,"column":34},"end":{"line":23,"column":null}},{"start":{"line":23,"column":29},"end":{"line":23,"column":44}}]},"40":{"loc":{"start":{"line":23,"column":44},"end":{"line":24,"column":null}},"type":"cond-expr","locations":[{"start":{"line":24,"column":43},"end":{"line":24,"column":null}},{"start":{"line":24,"column":43},"end":{"line":24,"column":null}}]},"41":{"loc":{"start":{"line":23,"column":44},"end":{"line":24,"column":43}},"type":"binary-expr","locations":[{"start":{"line":23,"column":44},"end":{"line":24,"column":null}},{"start":{"line":24,"column":27},"end":{"line":24,"column":43}}]}},"s":{"0":0,"1":0,"2":0,"3":0,"4":0,"5":0,"6":0,"7":0,"8":0,"9":0,"10":0,"11":0,"12":0,"13":0,"14":0,"15":0,"16":0,"17":0,"18":0,"19":0,"20":0,"21":0,"22":0,"23":0,"24":0,"25":0,"26":0,"27":0,"28":0,"29":0,"30":0,"31":0,"32":0,"33":0,"34":0,"35":0,"36":0,"37":0,"38":0,"39":0,"40":0,"41":0,"42":0,"43":0,"44":0,"45":0,"46":0,"47":0,"48":0,"49":0,"50":0,"51":0,"52":0,"53":0,"54":0,"55":0,"56":0,"57":0,"58":0,"59":0,"60":0,"61":0,"62":0,"63":0,"64":0,"65":0,"66":0,"67":0,"68":0,"69":0,"70":0,"71":0,"72":0,"73":0,"74":0,"75":0,"76":0,"77":0,"78":0,"79":0,"80":0,"81":0,"82":0,"83":0,"84":0,"85":0,"86":0,"87":0,"88":0,"89":0,"90":0,"91":0,"92":0,"93":0,"94":0,"95":0,"96":0,"97":0,"98":0,"99":0,"100":0,"101":0,"102":0,"103":0,"104":0,"105":0,"106":0,"107":0,"108":0,"109":0,"110":0,"111":0,"112":0,"113":0,"114":0,"115":0,"116":0,"117":0,"118":0,"119":0,"120":0,"121":0,"122":0},"f":{"0":0,"1":0,"2":0,"3":0},"b":{"0":[0,0],"1":[0,0],"2":[0,0],"3":[0,0],"4":[0,0],"5":[0,0,0],"6":[0,0],"7":[0,0],"8":[0,0],"9":[0,0],"10":[0,0],"11":[0,0],"12":[0,0],"13":[0,0],"14":[0,0],"15":[0,0],"16":[0,0],"17":[0,0],"18":[0,0],"19":[0,0],"20":[0,0],"21":[0,0],"22":[0,0],"23":[0,0],"24":[0,0],"25":[0,0],"26":[0,0],"27":[0,0],"28":[0,0],"29":[0,0],"30":[0,0],"31":[0,0],"32":[0,0],"33":[0,0],"34":[0,0],"35":[0,0],"36":[0,0],"37":[0,0],"38":[0,0],"39":[0,0],"40":[0,0],"41":[0,0]}}
,"D:\\jig clg\\Projects\\vikas-inventory-rn\\Backend\\src\\working-day\\dto\\check-in.dto.ts": {"path":"D:\\jig clg\\Projects\\vikas-inventory-rn\\Backend\\src\\working-day\\dto\\check-in.dto.ts","statementMap":{"0":{"start":{"line":1,"column":0},"end":{"line":1,"column":77}},"1":{"start":{"line":3,"column":0},"end":{"line":3,"column":13}},"2":{"start":{"line":6,"column":2},"end":{"line":6,"column":null}},"3":{"start":{"line":10,"column":2},"end":{"line":10,"column":null}},"4":{"start":{"line":14,"column":2},"end":{"line":14,"column":null}},"5":{"start":{"line":18,"column":2},"end":{"line":18,"column":null}}},"fnMap":{},"branchMap":{},"s":{"0":0,"1":0,"2":0,"3":0,"4":0,"5":0},"f":{},"b":{}}
,"D:\\jig clg\\Projects\\vikas-inventory-rn\\Backend\\src\\working-day\\dto\\check-out.dto.ts": {"path":"D:\\jig clg\\Projects\\vikas-inventory-rn\\Backend\\src\\working-day\\dto\\check-out.dto.ts","statementMap":{"0":{"start":{"line":1,"column":0},"end":{"line":1,"column":77}},"1":{"start":{"line":3,"column":0},"end":{"line":3,"column":13}},"2":{"start":{"line":6,"column":2},"end":{"line":6,"column":null}},"3":{"start":{"line":10,"column":2},"end":{"line":10,"column":null}},"4":{"start":{"line":14,"column":2},"end":{"line":14,"column":null}},"5":{"start":{"line":18,"column":2},"end":{"line":18,"column":null}}},"fnMap":{},"branchMap":{},"s":{"0":0,"1":0,"2":0,"3":0,"4":0,"5":0},"f":{},"b":{}}
}
